#
# A fatal error has been detected by the Java Runtime Environment:
#
#  EXCEPTION_ACCESS_VIOLATION (0xc0000005) at pc=0x00007ffbdc346a17, pid=21612, tid=20008
#
# JRE version: Java(TM) SE Runtime Environment (25.0.1+8) (build 25.0.1+8-LTS-27)
# Java VM: Java HotSpot(TM) 64-Bit Server VM (25.0.1+8-LTS-27, mixed mode, sharing, tiered, compressed oops, compressed class ptrs, g1 gc, windows-amd64)
# Problematic frame:
# C  [glass.dll+0x26a17]
#
# No core dump will be written. Minidumps are not enabled by default on client versions of Windows
#
# If you would like to submit a bug report, please visit:
#   https://bugreport.java.com/bugreport/crash.jsp
#

---------------  S U M M A R Y ------------

Command Line: -javaagent:C:\Program Files\JetBrains\IntelliJ IDEA 2025.3.2\lib\idea_rt.jar=56138 -Dfile.encoding=UTF-8 -Dsun.stdout.encoding=UTF-8 -Dsun.stderr.encoding=UTF-8 --module-path=C:\Users\User\.m2\repository\org\openjfx\javafx-fxml\21.0.6\javafx-fxml-21.0.6-win.jar;C:\Users\User\.m2\repository\org\openjfx\javafx-base\21.0.6\javafx-base-21.0.6-win.jar;C:\Users\User\.m2\repository\org\openjfx\javafx-graphics\21.0.6\javafx-graphics-21.0.6-win.jar;C:\Users\User\.m2\repository\org\openjfx\javafx-controls\21.0.6\javafx-controls-21.0.6-win.jar;C:\Users\User\.m2\repository\com\sun\activation\jakarta.activation\2.0.1\jakarta.activation-2.0.1.jar;C:\Users\User\IdeaProjects\2version\target\classes;C:\Users\User\.m2\repository\com\sun\mail\jakarta.mail\2.0.1\jakarta.mail-2.0.1.jar -Djdk.module.main=org.example._version org.example._version/org.example._version.MovieBookingApp

Host: AMD Ryzen 5 7500F 6-Core Processor             , 12 cores, 31G,  Windows 11 , 64 bit Build 26100 (10.0.26100.8246)
Time: Sun Apr 19 20:26:14 2026 elapsed time: 14.118717 seconds (0d 0h 0m 14s)

---------------  T H R E A D  ---------------

Current thread (0x000001ff6c182560):  VMThread "VM Thread"          [id=20008, stack(0x00000011dbb00000,0x00000011dbc00000) (1024K)]

Stack: [0x00000011dbb00000,0x00000011dbc00000],  sp=0x00000011dbbfe960,  free space=1018k
Native frames: (J=compiled Java code, j=interpreted, Vv=VM code, C=native code)
C  [glass.dll+0x26a17]  (no source info available)
C  [ucrtbase.dll+0x4bc75]  (no source info available)
C  [ucrtbase.dll+0x4b897]  (no source info available)
C  [ucrtbase.dll+0x4b84d]  (no source info available)
C  [glass.dll+0x241ed]  (no source info available)
C  [glass.dll+0x24312]  (no source info available)
C  [ntdll.dll+0x15f7ea]  (no source info available)
C  [ntdll.dll+0xbc23]  (no source info available)
C  [ntdll.dll+0x8d36f]  (no source info available)
C  [ntdll.dll+0x8c53e]  (no source info available)
C  [KERNEL32.DLL+0x418bb]  (no source info available)
C  [ucrtbase.dll+0xa00b3]  (no source info available)
V  [jvm.dll+0x79eb3a]  (no source info available)
V  [jvm.dll+0x79f001]  (no source info available)
V  [jvm.dll+0x79eb20]  (no source info available)
V  [jvm.dll+0x47a184]  (no source info available)
V  [jvm.dll+0x96f091]  (no source info available)
V  [jvm.dll+0x9703ad]  (no source info available)
V  [jvm.dll+0x970929]  (no source info available)
V  [jvm.dll+0x970bd3]  (no source info available)
V  [jvm.dll+0x906a0d]  (no source info available)
V  [jvm.dll+0x7a5135]  (no source info available)
C  [ucrtbase.dll+0x37b0]  (no source info available)
C  [KERNEL32.DLL+0x2e8d7]  (no source info available)
C  [ntdll.dll+0x8c3fc]  (no source info available)


siginfo: EXCEPTION_ACCESS_VIOLATION (0xc0000005), reading address 0x0000000000000000


Registers:
RAX=0x0000000000000000, RBX=0x000001ff6c188fe2, RCX=0x000001ff6c182560, RDX=0x00000011dbbfe960
RSP=0x00000011dbbfe960, RBP=0x000093b6f5d38e23, RSI=0x000001ff73ea4a28, RDI=0x000001ff73ea4a00
R8 =0x0000000000010002, R9 =0x000093b6f5d38e23, R10=0x000001ff47de0000, R11=0x00000011dbbfea48
R12=0x000000007ffe0385, R13=0x0000000000000001, R14=0x00000011dbbfea68, R15=0x000001ff73ea4a00
RIP=0x00007ffbdc346a17, EFLAGS=0x0000000000010202

XMM[0]=0x0000000000000000 0x0000000000000000
XMM[1]=0x002d0052002d0078 0x00450065006c0064
XMM[2]=0x0000000000000000 0x0000000000000000
XMM[3]=0x0000000000000000 0x0000000000000000
XMM[4]=0x0000000000000000 0x0000000000000000
XMM[5]=0x0000000000000000 0x0000000000000000
XMM[6]=0x0000000000000000 0x0000000000000000
XMM[7]=0x0000000000000000 0x0000000000000000
XMM[8]=0x0000000000000000 0x404e000000000000
XMM[9]=0x0000000000000000 0x0000000000000000
XMM[10]=0x0000000000000000 0x0000000000000000
XMM[11]=0x0000000000000000 0x0000000000000000
XMM[12]=0x0000000000000000 0x0000000000000000
XMM[13]=0x0000000000000000 0x0000000000000000
XMM[14]=0x0000000000000000 0x0000000000000000
XMM[15]=0x0000000000000000 0x0000000000000000
  MXCSR=0x00001fa0


Register to memory mapping:

RAX=0x0 is null
RBX=0x000001ff6c188fe2 is a global jni handle
RCX=0x000001ff6c182560 points into unknown readable memory: 0x00007ffb52e2e3a0 | a0 e3 e2 52 fb 7f 00 00
RDX=0x00000011dbbfe960 points into unknown readable memory: 0x0000000000000000 | 00 00 00 00 00 00 00 00
RSP=0x00000011dbbfe960 points into unknown readable memory: 0x0000000000000000 | 00 00 00 00 00 00 00 00
RBP=0x000093b6f5d38e23 is an unknown value
RSI=0x000001ff73ea4a28 points into unknown readable memory: 0x000093b6f5d38e23 | 23 8e d3 f5 b6 93 00 00
RDI=0x000001ff73ea4a00 points into unknown readable memory: 0xe1a16076f5d071fd | fd 71 d0 f5 76 60 a1 e1
R8 =0x0000000000010002 is an unknown value
R9 =0x000093b6f5d38e23 is an unknown value
R10=0x000001ff47de0000 points into unknown readable memory: 0x0000000000000000 | 00 00 00 00 00 00 00 00
R11=0x00000011dbbfea48 points into unknown readable memory: 0x00007ffbdc3441ed | ed 41 34 dc fb 7f 00 00
R12=0x000000007ffe0385 points into unknown readable memory: 00 00 00
R13=0x0000000000000001 is an unknown value
R14=0x00000011dbbfea68 points into unknown readable memory: 0x00000011dbbfea50 | 50 ea bf db 11 00 00 00
R15=0x000001ff73ea4a00 points into unknown readable memory: 0xe1a16076f5d071fd | fd 71 d0 f5 76 60 a1 e1

Top of Stack: (sp=0x00000011dbbfe960)
0x00000011dbbfe960:   0000000000000000 000001ff00000000   ................
0x00000011dbbfe970:   000001ff7458a5f0 000000007ffe0385   ..Xt............
0x00000011dbbfe980:   000001ff73ea4a08 00007ffbfab5bc75   .J.s....u.......
0x00000011dbbfe990:   000001ff73ea4a00 000001ff00000000   .J.s............
0x00000011dbbfe9a0:   000001ff73ea4a20 000093b6f5d38e23    J.s....#.......
0x00000011dbbfe9b0:   fffffffffffffffe 000001ff00000000   ................
0x00000011dbbfe9c0:   00007ffbdc320000 00007ffbdc320000   ..2.......2.....
0x00000011dbbfe9d0:   00000011dbbfea58 00007ffbfab5b897   X...............
0x00000011dbbfe9e0:   00000011dbbfea00 00000011dbbfea68   ........h.......
0x00000011dbbfe9f0:   00000011dbbfefb0 00007ffbfac488c0   ................
0x00000011dbbfea00:   0000000000000001 00007ffbfab5b84d   ........M.......
0x00000011dbbfea10:   0000000000000000 0000000000000001   ................
0x00000011dbbfea20:   0000000000000000 00000011dbbfea58   ........X.......
0x00000011dbbfea30:   fffffffffffffffe 000001ff750c0b30   ........0..u....
0x00000011dbbfea40:   000001ff750c0b30 00007ffbdc3441ed   0..u.....A4.....
0x00000011dbbfea50:   00007ffbdc35a008 0000000000000002   ..5.............
0x00000011dbbfea60:   0000000000000002 00000011dbbfea50   ........P.......
0x00000011dbbfea70:   0000000000000000 00000001800908f0   ................
0x00000011dbbfea80:   0000000000000000 00007ffbdc344312   .........C4.....
0x00000011dbbfea90:   0000000000000001 0000000000000001   ................
0x00000011dbbfeaa0:   0000000000000000 0000000180090a4a   ........J.......
0x00000011dbbfeab0:   0000000000000000 0000000000000001   ................
0x00000011dbbfeac0:   000001ff00000001 0000037f0000164e   ........N.......
0x00000011dbbfead0:   0000000000000000 00007ffbdc344360   ........`C4.....
0x00000011dbbfeae0:   0000000000000001 00007ffbfd95f7ea   ................
0x00000011dbbfeaf0:   00007ffbdc320000 0000000000000000   ..2.............
0x00000011dbbfeb00:   0000000000000001 000000007ffe0384   ................
0x00000011dbbfeb10:   0000000000000000 00007ffbfd80bc23   ........#.......
0x00000011dbbfeb20:   0000000000000000 000001ff47ee04a8   ...........G....
0x00000011dbbfeb30:   000000000000008d 0000000000000000   ................
0x00000011dbbfeb40:   0000000000000000 0000000000000000   ................
0x00000011dbbfeb50:   0000000000000000 ffffea6e00000000   ............n...

Instructions: (pc=0x00007ffbdc346a17)
  0x00007ffbdc346917:   8b 4d 58 e8 8d cf ff ff 48 8b 4d 60 e8 84 cf ff
  0x00007ffbdc346927:   ff 48 8b 95 80 00 00 00 48 8b 8d 18 01 00 00 e8
  0x00007ffbdc346937:   76 c4 ff ff 33 d2 33 c9 e8 cc e1 ff ff 90 48 89
  0x00007ffbdc346947:   54 24 10 55 48 83 ec 20 48 8b ea 48 b8 00 00 00
  0x00007ffbdc346957:   00 00 00 00 00 48 83 c4 20 5d c3 cc 40 55 48 8b
  0x00007ffbdc346967:   ea 48 8b 01 33 c9 81 38 05 00 00 c0 0f 94 c1 8b
  0x00007ffbdc346977:   c1 5d c3 cc 40 55 48 83 ec 20 48 8b ea 8a 4d 40
  0x00007ffbdc346987:   48 83 c4 20 5d e9 73 d3 ff ff cc 40 55 48 83 ec
  0x00007ffbdc346997:   20 48 8b ea 8a 4d 20 e8 61 d3 ff ff 90 48 83 c4
  0x00007ffbdc3469a7:   20 5d c3 cc 40 55 48 83 ec 20 48 8b ea 48 83 c4
  0x00007ffbdc3469b7:   20 5d e9 c2 d1 ff ff cc 40 55 48 83 ec 30 48 8b
  0x00007ffbdc3469c7:   ea 48 8b 01 8b 10 48 89 4c 24 28 89 54 24 20 4c
  0x00007ffbdc3469d7:   8d 0d 63 d6 ff ff 4c 8b 45 70 8b 55 68 48 8b 4d
  0x00007ffbdc3469e7:   60 e8 03 d1 ff ff 90 48 83 c4 30 5d c3 cc cc cc
  0x00007ffbdc3469f7:   cc cc cc cc cc cc cc cc cc 40 53 48 83 ec 20 48
  0x00007ffbdc346a07:   8b 1d fb 2f 01 00 48 85 db 74 16 e8 89 8f ff ff
=>0x00007ffbdc346a17:   4c 8b 00 48 8b d3 48 8b c8 41 ff 90 b0 00 00 00
  0x00007ffbdc346a27:   90 48 83 c4 20 5b c3 cc cc 40 53 48 83 ec 20 48
  0x00007ffbdc346a37:   8b 1d 6b 31 01 00 48 85 db 74 57 b8 ff ff ff ff
  0x00007ffbdc346a47:   f0 0f c1 43 10 83 f8 01 75 3d 48 85 db 74 38 48
  0x00007ffbdc346a57:   8b 0b 48 85 c9 74 0d ff 15 44 08 00 00 48 c7 03
  0x00007ffbdc346a67:   00 00 00 00 48 8b 4b 08 48 85 c9 74 0d e8 33 ce
  0x00007ffbdc346a77:   ff ff 48 c7 43 08 00 00 00 00 ba 18 00 00 00 48
  0x00007ffbdc346a87:   8b cb e8 1e ce ff ff 48 c7 05 0f 31 01 00 00 00
  0x00007ffbdc346a97:   00 00 48 83 c4 20 5b c3 cc 40 53 48 83 ec 20 48
  0x00007ffbdc346aa7:   8b 1d db 30 01 00 48 85 db 74 57 b8 ff ff ff ff
  0x00007ffbdc346ab7:   f0 0f c1 43 10 83 f8 01 75 3d 48 85 db 74 38 48
  0x00007ffbdc346ac7:   8b 0b 48 85 c9 74 0d ff 15 d4 07 00 00 48 c7 03
  0x00007ffbdc346ad7:   00 00 00 00 48 8b 4b 08 48 85 c9 74 0d e8 c3 cd
  0x00007ffbdc346ae7:   ff ff 48 c7 43 08 00 00 00 00 ba 18 00 00 00 48
  0x00007ffbdc346af7:   8b cb e8 ae cd ff ff 48 c7 05 7f 30 01 00 00 00
  0x00007ffbdc346b07:   00 00 48 83 c4 20 5b c3 cc 40 53 48 83 ec 20 48


Stack slot to memory mapping:

stack at sp + 0 slots: 0x0 is null
stack at sp + 1 slots: 0x000001ff00000000 points into unknown readable memory: 0x0000000000002abc | bc 2a 00 00 00 00 00 00
stack at sp + 2 slots: 0x000001ff7458a5f0 points into unknown readable memory: 0x000001ff7458af20 | 20 af 58 74 ff 01 00 00
stack at sp + 3 slots: 0x000000007ffe0385 points into unknown readable memory: 00 00 00
stack at sp + 4 slots: 0x000001ff73ea4a08 points into unknown readable memory: 0x000093b6f5d38e23 | 23 8e d3 f5 b6 93 00 00
stack at sp + 5 slots: 0x00007ffbfab5bc75 ucrtbase.dll
stack at sp + 6 slots: 0x000001ff73ea4a00 points into unknown readable memory: 0xe1a16076f5d071fd | fd 71 d0 f5 76 60 a1 e1
stack at sp + 7 slots: 0x000001ff00000000 points into unknown readable memory: 0x0000000000002abc | bc 2a 00 00 00 00 00 00

VM_Operation (0x00000011dd9ff070): Exit, mode: safepoint, requested by thread 0x000001ff7d2b77e0


---------------  P R O C E S S  ---------------

Threads class SMR info:
_java_thread_list=0x000001ff736e6340, length=21, elements={
0x000001ff483a2680, 0x000001ff6c196630, 0x000001ff6c197090, 0x000001ff6c19e310,
0x000001ff73000080, 0x000001ff7300bc70, 0x000001ff7300cb60, 0x000001ff7301a510,
0x000001ff73006b90, 0x000001ff73004c50, 0x000001ff7300a240, 0x000001ff73d26450,
0x000001ff73d29b00, 0x000001ff73d27bc0, 0x000001ff746b5e90, 0x000001ff746b56c0,
0x000001ff746b6e30, 0x000001ff746b6660, 0x000001ff7ca2aca0, 0x000001ff7d4aa5f0,
0x000001ff7d2b77e0
}

Java Threads: ( => current thread )
  0x000001ff483a2680 JavaThread "main"                              [_thread_blocked, id=20880, stack(0x00000011db400000,0x00000011db500000) (1024K)]
  0x000001ff6c196630 JavaThread "Reference Handler"          daemon [_thread_blocked, id=7584, stack(0x00000011dbc00000,0x00000011dbd00000) (1024K)]
  0x000001ff6c197090 JavaThread "Finalizer"                  daemon [_thread_blocked, id=8052, stack(0x00000011dbd00000,0x00000011dbe00000) (1024K)]
  0x000001ff6c19e310 JavaThread "Attach Listener"            daemon [_thread_blocked, id=21924, stack(0x00000011dbf00000,0x00000011dc000000) (1024K)]
  0x000001ff73000080 JavaThread "Service Thread"             daemon [_thread_blocked, id=20836, stack(0x00000011dc000000,0x00000011dc100000) (1024K)]
  0x000001ff7300bc70 JavaThread "Monitor Deflation Thread"   daemon [_thread_blocked, id=20736, stack(0x00000011dc100000,0x00000011dc200000) (1024K)]
  0x000001ff7300cb60 JavaThread "C2 CompilerThread0"         daemon [_thread_blocked, id=11916, stack(0x00000011dc200000,0x00000011dc300000) (1024K)]
  0x000001ff7301a510 JavaThread "C1 CompilerThread0"         daemon [_thread_blocked, id=10320, stack(0x00000011dc300000,0x00000011dc400000) (1024K)]
  0x000001ff73006b90 JavaThread "Common-Cleaner"             daemon [_thread_blocked, id=19356, stack(0x00000011dc400000,0x00000011dc500000) (1024K)]
  0x000001ff73004c50 JavaThread "Monitor Ctrl-Break"         daemon [_thread_in_native, id=412, stack(0x00000011dc700000,0x00000011dc800000) (1024K)]
  0x000001ff7300a240 JavaThread "Notification Thread"        daemon [_thread_blocked, id=15048, stack(0x00000011dc800000,0x00000011dc900000) (1024K)]
  0x000001ff73d26450 JavaThread "QuantumRenderer-0"          daemon [_thread_blocked, id=21484, stack(0x00000011dc900000,0x00000011dca00000) (1024K)]
  0x000001ff73d29b00 JavaThread "InvokeLaterDispatcher"      daemon [_thread_blocked, id=6772, stack(0x00000011dcb00000,0x00000011dcc00000) (1024K)]
  0x000001ff73d27bc0 JavaThread "JavaFX Application Thread"         [_thread_in_native, id=21420, stack(0x00000011dcc00000,0x00000011dcd00000) (1024K)]
  0x000001ff746b5e90 JavaThread "JavaFX-Launcher"                   [_thread_blocked, id=7828, stack(0x00000011dcd00000,0x00000011dce00000) (1024K)]
  0x000001ff746b56c0 JavaThread "Thread-2"                   daemon [_thread_in_native, id=13280, stack(0x00000011dc600000,0x00000011dc700000) (1024K)]
  0x000001ff746b6e30 JavaThread "mysql-cj-abandoned-connection-cleanup" daemon [_thread_blocked, id=19884, stack(0x00000011dcf00000,0x00000011dd000000) (1024K)]
  0x000001ff746b6660 JavaThread "Keep-Alive-Timer"           daemon [_thread_blocked, id=8616, stack(0x00000011dce00000,0x00000011dcf00000) (1024K)]
  0x000001ff7ca2aca0 JavaThread "Prism Font Disposer"        daemon [_thread_blocked, id=18616, stack(0x00000011ddf00000,0x00000011de000000) (1024K)]
  0x000001ff7d4aa5f0 JavaThread "Cleaner-0"                  daemon [_thread_blocked, id=15812, stack(0x00000011de100000,0x00000011de200000) (1024K)]
  0x000001ff7d2b77e0 JavaThread "SIGINT handler"             daemon [_thread_blocked, id=19256, stack(0x00000011dd900000,0x00000011dda00000) (1024K)]
Total: 21

Other Threads:
=>0x000001ff6c182560 VMThread "VM Thread"                           [id=20008, stack(0x00000011dbb00000,0x00000011dbc00000) (1024K)]
  0x000001ff4840ae40 WorkerThread "GC Thread#0"                     [id=18900, stack(0x00000011db500000,0x00000011db600000) (1024K)]
  0x000001ff74a30530 WorkerThread "GC Thread#1"                     [id=21968, stack(0x00000011dd000000,0x00000011dd100000) (1024K)]
  0x000001ff74aed400 WorkerThread "GC Thread#2"                     [id=19756, stack(0x00000011dd100000,0x00000011dd200000) (1024K)]
  0x000001ff74aed830 WorkerThread "GC Thread#3"                     [id=18012, stack(0x00000011dd200000,0x00000011dd300000) (1024K)]
  0x000001ff74a48db0 WorkerThread "GC Thread#4"                     [id=19904, stack(0x00000011dd300000,0x00000011dd400000) (1024K)]
  0x000001ff74b27790 WorkerThread "GC Thread#5"                     [id=11908, stack(0x00000011dd400000,0x00000011dd500000) (1024K)]
  0x000001ff74b27be0 WorkerThread "GC Thread#6"                     [id=19624, stack(0x00000011dd500000,0x00000011dd600000) (1024K)]
  0x000001ff74b28030 WorkerThread "GC Thread#7"                     [id=12936, stack(0x00000011dd600000,0x00000011dd700000) (1024K)]
  0x000001ff74b25510 WorkerThread "GC Thread#8"                     [id=2944, stack(0x00000011dd700000,0x00000011dd800000) (1024K)]
  0x000001ff74b26ef0 WorkerThread "GC Thread#9"                     [id=21196, stack(0x00000011dd800000,0x00000011dd900000) (1024K)]
  0x000001ff6c022d00 ConcurrentGCThread "G1 Main Marker"            terminated
  0x000001ff6c0238a0 WorkerThread "G1 Conc#0"                       [id=7184, stack(0x00000011db700000,0x00000011db800000) (1024K)]
  0x000001ff7cea2a40 WorkerThread "G1 Conc#1"                       [id=21660, stack(0x00000011ddd00000,0x00000011dde00000) (1024K)]
  0x000001ff7cea1900 WorkerThread "G1 Conc#2"                       [id=18224, stack(0x00000011dde00000,0x00000011ddf00000) (1024K)]
  0x000001ff6c03efa0 ConcurrentGCThread "G1 Refine#0"               terminated
  0x000001ff6c041ac0 ConcurrentGCThread "G1 Service"                terminated
Total: 17

Threads with active compile tasks:
C2 CompilerThread0  14296 5168       4       jdk.internal.classfile.impl.AbstractPoolEntry$AbstractRefsEntry::writeTo (27 bytes)
Total: 1

VM state: at safepoint (shutting down)

VM Mutex/Monitor currently owned by a thread:  ([mutex/lock_event])
[0x00007ffb530194e8] Threads_lock - owner thread: 0x000001ff6c182560
[0x00007ffb53019668] Heap_lock - owner thread: 0x000001ff7d2b77e0

Heap address: 0x0000000606000000, size: 8096 MB, Compressed Oops mode: Zero based, Oop shift amount: 3

CDS archive(s) mapped at: [0x0000000092000000-0x0000000092dd0000-0x0000000092dd0000), size 14483456, SharedBaseAddress: 0x0000000092000000, ArchiveRelocationMode: 1.
Compressed class space mapped at: 0x0000000093000000-0x00000000d3000000, reserved size: 1073741824
UseCompressedClassPointers 1, UseCompactObjectHeaders 0
Narrow klass pointer bits 32, Max shift 3
Narrow klass base: 0x0000000092000000, Narrow klass shift: 0
Encoding Range: [0x0000000092000000 - 0x0000000192000000), (4294967296 bytes)
Klass Range:    [0x0000000092010000 - 0x00000000d3000000), (1090453504 bytes)
Klass ID Range:  [65536 - 1090519033) (1090453497)
Protection zone: [0x0000000092000000 - 0x0000000092010000), (65536 bytes)

GC Precious Log:
 CardTable entry size: 512
 Card Set container configuration: InlinePtr #cards 4 size 8 Array Of Cards #cards 32 size 80 Howl #buckets 8 coarsen threshold 7372 Howl Bitmap #cards 1024 size 144 coarsen threshold 921 Card regions per heap region 1 cards per card region 8192
 CPUs: 12 total, 12 available
 Memory: 32373M
 Large Page Support: Disabled
 NUMA Support: Disabled
 Compressed Oops: Enabled (Zero based)
 Heap Region Size: 4M
 Heap Min Capacity: 8M
 Heap Initial Capacity: 508M
 Heap Max Capacity: 8096M
 Pre-touch: Disabled
 Parallel Workers: 10
 Concurrent Workers: 3
 Concurrent Refinement Workers: 10
 Periodic GC: Disabled

Heap:
 garbage-first heap   total reserved 8290304K, committed 73728K, used 35712K [0x0000000606000000, 0x0000000800000000)
  region size 4096K, 10 young (40960K), 4 survivors (16384K)

Heap Regions: E=young(eden), S=young(survivor), O=old, HS=humongous(starts), HC=humongous(continues), CS=collection set, F=free, TAMS=top-at-mark-start, PB=parsable bottom
|   0|0x0000000606000000, 0x0000000606000000, 0x0000000606400000|  0%| F|  |TAMS 0x0000000606000000| PB 0x0000000606000000| Untracked |  0
|   1|0x0000000606400000, 0x0000000606400000, 0x0000000606800000|  0%| F|  |TAMS 0x0000000606400000| PB 0x0000000606400000| Untracked |  0
|   2|0x0000000606800000, 0x0000000606800000, 0x0000000606c00000|  0%| F|  |TAMS 0x0000000606800000| PB 0x0000000606800000| Untracked |  0
|   3|0x0000000606c00000, 0x0000000606c00000, 0x0000000607000000|  0%| F|  |TAMS 0x0000000606c00000| PB 0x0000000606c00000| Untracked |  0
|   4|0x0000000607000000, 0x0000000607000000, 0x0000000607400000|  0%| F|  |TAMS 0x0000000607000000| PB 0x0000000607000000| Untracked |  0
|   5|0x0000000607400000, 0x0000000607400000, 0x0000000607800000|  0%| F|  |TAMS 0x0000000607400000| PB 0x0000000607400000| Untracked |  0
|   6|0x0000000607800000, 0x0000000607800000, 0x0000000607c00000|  0%| F|  |TAMS 0x0000000607800000| PB 0x0000000607800000| Untracked |  0
|   7|0x0000000607c00000, 0x0000000607e3d780, 0x0000000608000000| 56%| E|  |TAMS 0x0000000607c00000| PB 0x0000000607c00000| Complete |  0
|   8|0x0000000608000000, 0x0000000608400000, 0x0000000608400000|100%| E|CS|TAMS 0x0000000608000000| PB 0x0000000608000000| Complete |  0
|   9|0x0000000608400000, 0x0000000608800000, 0x0000000608800000|100%| S|CS|TAMS 0x0000000608400000| PB 0x0000000608400000| Complete |  0
|  10|0x0000000608800000, 0x0000000608c00000, 0x0000000608c00000|100%| S|CS|TAMS 0x0000000608800000| PB 0x0000000608800000| Complete |  0
|  11|0x0000000608c00000, 0x0000000609000000, 0x0000000609000000|100%| S|CS|TAMS 0x0000000608c00000| PB 0x0000000608c00000| Complete |  0
|  12|0x0000000609000000, 0x00000006091bacb0, 0x0000000609400000| 43%| S|CS|TAMS 0x0000000609000000| PB 0x0000000609000000| Complete |  0
| 110|0x0000000621800000, 0x0000000621c00000, 0x0000000621c00000|100%| E|CS|TAMS 0x0000000621800000| PB 0x0000000621800000| Complete |  0
| 111|0x0000000621c00000, 0x0000000622000000, 0x0000000622000000|100%| E|CS|TAMS 0x0000000621c00000| PB 0x0000000621c00000| Complete |  0
| 112|0x0000000622000000, 0x0000000622400000, 0x0000000622400000|100%| E|CS|TAMS 0x0000000622000000| PB 0x0000000622000000| Complete |  0
| 126|0x0000000625800000, 0x0000000625c00000, 0x0000000625c00000|100%| E|CS|TAMS 0x0000000625800000| PB 0x0000000625800000| Complete |  0
|2023|0x00000007ffc00000, 0x00000007ffd256a0, 0x0000000800000000| 28%| O|Cm|TAMS 0x00000007ffc00000| PB 0x00000007ffc00000| Complete |  0

Card table byte_map: [0x000001ff630c0000,0x000001ff64090000] _byte_map_base: 0x000001ff60090000

Marking Bits: (CMBitMap*) 0x000001ff4840b3d0
 Bits: [0x000001ff64090000, 0x000001ff6bf10000)

Polling page: 0x000001ff47ef0000

Metaspace:
Metaspace        used 27198K, committed 27456K, reserved 1114112K
 class space     used 3353K, committed 3456K, reserved 1048576K

Usage:
  Non-class:     23.29 MB used.
      Class:      3.28 MB used.
       Both:     26.56 MB used.

Virtual space:
  Non-class space:       64.00 MB reserved,      23.44 MB ( 37%) committed,  1 nodes.
      Class space:        1.00 GB reserved,       3.38 MB ( <1%) committed,  1 nodes.
             Both:        1.06 GB reserved,      26.81 MB (  2%) committed. 

Chunk freelists:
   Non-Class:  8.03 MB
       Class:  12.52 MB
        Both:  20.55 MB

MaxMetaspaceSize: unlimited
CompressedClassSpaceSize: 1.00 GB
Initial GC threshold: 21.00 MB
Current GC threshold: 35.25 MB
CDS: on
 - commit_granule_bytes: 65536.
 - commit_granule_words: 8192.
 - virtual_space_node_default_size: 8388608.
 - enlarge_chunks_in_place: 1.
UseCompressedClassPointers 1, UseCompactObjectHeaders 0
Narrow klass pointer bits 32, Max shift 3
Narrow klass base: 0x0000000092000000, Narrow klass shift: 0
Encoding Range: [0x0000000092000000 - 0x0000000192000000), (4294967296 bytes)
Klass Range:    [0x0000000092010000 - 0x00000000d3000000), (1090453504 bytes)
Klass ID Range:  [65536 - 1090519033) (1090453497)
Protection zone: [0x0000000092000000 - 0x0000000092010000), (65536 bytes)


Internal statistics:

num_allocs_failed_limit: 3.
num_arena_births: 214.
num_arena_deaths: 0.
num_vsnodes_births: 2.
num_vsnodes_deaths: 0.
num_space_committed: 429.
num_space_uncommitted: 0.
num_chunks_returned_to_freelist: 3.
num_chunks_taken_from_freelist: 897.
num_chunk_merges: 3.
num_chunk_splits: 665.
num_chunks_enlarged: 557.
num_inconsistent_stats: 0.

CodeHeap 'non-profiled nmethods': size=120064Kb used=1581Kb max_used=1581Kb free=118483Kb
 bounds [0x000001ff59f10000, 0x000001ff5a180000, 0x000001ff61450000]
CodeHeap 'profiled nmethods': size=120000Kb used=8371Kb max_used=8371Kb free=111629Kb
 bounds [0x000001ff52450000, 0x000001ff52c80000, 0x000001ff59980000]
CodeHeap 'non-nmethods': size=5696Kb used=2070Kb max_used=2105Kb free=3625Kb
 bounds [0x000001ff59980000, 0x000001ff59bf0000, 0x000001ff59f10000]
CodeCache: size=245760Kb, used=12022Kb, max_used=12057Kb, free=233737Kb
 total_blobs=6117, nmethods=5166, adapters=854, full_count=0
Compilation: enabled, stopped_count=0, restarted_count=0

Compilation events (20 events):
Event: 7.930 Thread 0x000001ff7301a510 nmethod 5156 0x000001ff52c78b88 code [0x000001ff52c78c80, 0x000001ff52c79070]
Event: 7.930 Thread 0x000001ff7301a510 5157       3       com.sun.javafx.tk.quantum.GlassViewEventHandler::mouseEventButton (60 bytes)
Event: 7.930 Thread 0x000001ff7301a510 nmethod 5157 0x000001ff52c79088 code [0x000001ff52c79180, 0x000001ff52c79418]
Event: 7.930 Thread 0x000001ff7301a510 5158       3       javafx.scene.Scene$ScenePeerListener::mouseEvent (54 bytes)
Event: 7.931 Thread 0x000001ff7301a510 nmethod 5158 0x000001ff52c79488 code [0x000001ff52c79580, 0x000001ff52c79928]
Event: 7.931 Thread 0x000001ff7301a510 5159       3       javafx.scene.Scene::processMouseEvent (10 bytes)
Event: 7.931 Thread 0x000001ff7301a510 nmethod 5159 0x000001ff52c79988 code [0x000001ff52c79a80, 0x000001ff52c79bd0]
Event: 7.931 Thread 0x000001ff7301a510 5162       3       java.util.EnumMap::values (25 bytes)
Event: 7.931 Thread 0x000001ff7301a510 nmethod 5162 0x000001ff52c79c88 code [0x000001ff52c79d80, 0x000001ff52c7a160]
Event: 7.931 Thread 0x000001ff7301a510 5163       3       java.util.EnumMap$Values::iterator (12 bytes)
Event: 7.931 Thread 0x000001ff7301a510 nmethod 5163 0x000001ff52c7a188 code [0x000001ff52c7a280, 0x000001ff52c7a880]
Event: 7.931 Thread 0x000001ff7301a510 5164       3       java.util.EnumMap$ValueIterator::<init> (16 bytes)
Event: 7.931 Thread 0x000001ff7301a510 nmethod 5164 0x000001ff52c7a888 code [0x000001ff52c7a980, 0x000001ff52c7aeb0]
Event: 7.931 Thread 0x000001ff7301a510 5165       3       java.util.EnumMap$EnumMapIterator::<init> (25 bytes)
Event: 7.931 Thread 0x000001ff7301a510 nmethod 5165 0x000001ff52c7af08 code [0x000001ff52c7b000, 0x000001ff52c7b328]
Event: 8.112 Thread 0x000001ff7301a510 5166       3       com.sun.javafx.collections.VetoableListDecorator$VetoableIteratorDecorator::next (31 bytes)
Event: 8.112 Thread 0x000001ff7301a510 nmethod 5166 0x000001ff52c7b388 code [0x000001ff52c7b480, 0x000001ff52c7b888]
Event: 8.120 Thread 0x000001ff7301a510 5167       3       javafx.scene.Scene::buildEventDispatchChain (48 bytes)
Event: 8.121 Thread 0x000001ff7301a510 nmethod 5167 0x000001ff52c7b908 code [0x000001ff52c7ba00, 0x000001ff52c7cbd0]
Event: 13.799 Thread 0x000001ff7300cb60 5168       4       jdk.internal.classfile.impl.AbstractPoolEntry$AbstractRefsEntry::writeTo (27 bytes)

GC Heap Usage History (6 events):
Event: 0.533 {heap Before GC invocations=0 (full 0):
 garbage-first heap   total reserved 8290304K, committed 524288K, used 50325K [0x0000000606000000, 0x0000000800000000)
  region size 4096K, 12 young (49152K), 0 survivors (0K)
}
Event: 0.535 {heap After GC invocations=1 (full 0):
 garbage-first heap   total reserved 8290304K, committed 524288K, used 6037K [0x0000000606000000, 0x0000000800000000)
  region size 4096K, 2 young (8192K), 2 survivors (8192K)
}
Event: 3.756 {heap Before GC invocations=1 (full 0):
 garbage-first heap   total reserved 8290304K, committed 524288K, used 51093K [0x0000000606000000, 0x0000000800000000)
  region size 4096K, 14 young (57344K), 2 survivors (8192K)
}
Event: 3.759 {heap After GC invocations=2 (full 0):
 garbage-first heap   total reserved 8290304K, committed 524288K, used 11833K [0x0000000606000000, 0x0000000800000000)
  region size 4096K, 3 young (12288K), 3 survivors (12288K)
}
Event: 4.167 {heap Before GC invocations=3 (full 0):
 garbage-first heap   total reserved 8290304K, committed 57344K, used 52793K [0x0000000606000000, 0x0000000800000000)
  region size 4096K, 13 young (53248K), 3 survivors (12288K)
}
Event: 4.171 {heap After GC invocations=4 (full 0):
 garbage-first heap   total reserved 8290304K, committed 73728K, used 15232K [0x0000000606000000, 0x0000000800000000)
  region size 4096K, 4 young (16384K), 4 survivors (16384K)
}

Metaspace Usage History (6 events):
Event: 0.533 {metaspace Before GC invocations=0 (full 0):
 Metaspace       used 8962K, committed 9152K, reserved 1114112K
  class space    used 1090K, committed 1152K, reserved 1048576K
}
Event: 0.535 {metaspace After GC invocations=1 (full 0):
 Metaspace       used 8962K, committed 9152K, reserved 1114112K
  class space    used 1090K, committed 1152K, reserved 1048576K
}
Event: 3.756 {metaspace Before GC invocations=1 (full 0):
 Metaspace       used 21315K, committed 21504K, reserved 1114112K
  class space    used 2448K, committed 2560K, reserved 1048576K
}
Event: 3.759 {metaspace After GC invocations=2 (full 0):
 Metaspace       used 21315K, committed 21504K, reserved 1114112K
  class space    used 2448K, committed 2560K, reserved 1048576K
}
Event: 4.167 {metaspace Before GC invocations=3 (full 0):
 Metaspace       used 25547K, committed 25856K, reserved 1114112K
  class space    used 3198K, committed 3328K, reserved 1048576K
}
Event: 4.171 {metaspace After GC invocations=4 (full 0):
 Metaspace       used 25547K, committed 25856K, reserved 1114112K
  class space    used 3198K, committed 3328K, reserved 1048576K
}

Dll operation events (20 events):
Event: 0.167 Loaded shared library C:\Users\User\.openjfx\cache\21.0.6+3\amd64\api-ms-win-crt-multibyte-l1-1-0.dll
Event: 0.168 Loaded shared library C:\Users\User\.openjfx\cache\21.0.6+3\amd64\api-ms-win-crt-private-l1-1-0.dll
Event: 0.169 Loaded shared library C:\Users\User\.openjfx\cache\21.0.6+3\amd64\api-ms-win-crt-process-l1-1-0.dll
Event: 0.170 Loaded shared library C:\Users\User\.openjfx\cache\21.0.6+3\amd64\api-ms-win-crt-runtime-l1-1-0.dll
Event: 0.171 Loaded shared library C:\Users\User\.openjfx\cache\21.0.6+3\amd64\api-ms-win-crt-stdio-l1-1-0.dll
Event: 0.173 Loaded shared library C:\Users\User\.openjfx\cache\21.0.6+3\amd64\api-ms-win-crt-string-l1-1-0.dll
Event: 0.174 Loaded shared library C:\Users\User\.openjfx\cache\21.0.6+3\amd64\api-ms-win-crt-time-l1-1-0.dll
Event: 0.175 Loaded shared library C:\Users\User\.openjfx\cache\21.0.6+3\amd64\api-ms-win-crt-utility-l1-1-0.dll
Event: 0.183 Loaded shared library C:\Users\User\.openjfx\cache\21.0.6+3\amd64\ucrtbase.dll
Event: 0.184 Loaded shared library C:\Users\User\.openjfx\cache\21.0.6+3\amd64\vcruntime140.dll
Event: 0.185 Loaded shared library C:\Users\User\.openjfx\cache\21.0.6+3\amd64\vcruntime140_1.dll
Event: 0.190 Loaded shared library C:\Users\User\.openjfx\cache\21.0.6+3\amd64\msvcp140.dll
Event: 0.191 Loaded shared library C:\Users\User\.openjfx\cache\21.0.6+3\amd64\msvcp140_1.dll
Event: 0.193 Loaded shared library C:\Users\User\.openjfx\cache\21.0.6+3\amd64\msvcp140_2.dll
Event: 0.209 Loaded shared library C:\Users\User\.openjfx\cache\21.0.6+3\amd64\prism_d3d.dll
Event: 0.293 Loaded shared library C:\Users\User\.openjfx\cache\21.0.6+3\amd64\glass.dll
Event: 0.401 Loaded shared library C:\Program Files\Java\jdk-25\bin\jimage.dll
Event: 0.430 Loaded shared library C:\Users\User\.openjfx\cache\21.0.6+3\amd64\javafx_font.dll
Event: 0.631 Loaded shared library C:\Program Files\Java\jdk-25\bin\sunmscapi.dll
Event: 1.230 Loaded shared library C:\Users\User\.openjfx\cache\21.0.6+3\amd64\javafx_iio.dll

Deoptimization events (20 events):
Event: 6.168 Thread 0x000001ff73d27bc0 Uncommon trap: trap_request=0xffffffde fr.pc=0x000001ff5a04fb80 relative=0x0000000000000100
Event: 6.168 Thread 0x000001ff73d27bc0 Uncommon trap: reason=class_check action=maybe_recompile pc=0x000001ff5a04fb80 method=javafx.scene.Scene.getWindow()Ljavafx/stage/Window; @ 18 c2
Event: 6.168 Thread 0x000001ff73d27bc0 DEOPT PACKING pc=0x000001ff5a04fb80 sp=0x00000011dccfbb50
Event: 6.168 Thread 0x000001ff73d27bc0 DEOPT UNPACKING pc=0x000001ff59aaf982 sp=0x00000011dccfba80 mode 2
Event: 6.177 Thread 0x000001ff73d27bc0 Uncommon trap: trap_request=0xffffff45 fr.pc=0x000001ff5a05c890 relative=0x0000000000000690
Event: 6.177 Thread 0x000001ff73d27bc0 Uncommon trap: reason=unstable_if action=reinterpret pc=0x000001ff5a05c890 method=javafx.scene.Node.updateBounds()V @ 27 c2
Event: 6.177 Thread 0x000001ff73d27bc0 DEOPT PACKING pc=0x000001ff5a05c890 sp=0x00000011dccfc050
Event: 6.177 Thread 0x000001ff73d27bc0 DEOPT UNPACKING pc=0x000001ff59aaf982 sp=0x00000011dccfbf80 mode 2
Event: 6.179 Thread 0x000001ff73d26450 Uncommon trap: trap_request=0xffffffde fr.pc=0x000001ff5a08ab0c relative=0x000000000000080c
Event: 6.179 Thread 0x000001ff73d26450 Uncommon trap: reason=class_check action=maybe_recompile pc=0x000001ff5a08ab0c method=com.sun.javafx.font.CompositeStrike.getStrikeSlot(I)Lcom/sun/javafx/font/FontStrike; @ 16 c2
Event: 6.179 Thread 0x000001ff73d26450 DEOPT PACKING pc=0x000001ff5a08ab0c sp=0x00000011dc9fde30
Event: 6.179 Thread 0x000001ff73d26450 DEOPT UNPACKING pc=0x000001ff59aaf982 sp=0x00000011dc9fddf0 mode 2
Event: 6.180 Thread 0x000001ff73d26450 Uncommon trap: trap_request=0xffffffd6 fr.pc=0x000001ff5a08abd4 relative=0x00000000000008d4
Event: 6.180 Thread 0x000001ff73d26450 Uncommon trap: reason=array_check action=maybe_recompile pc=0x000001ff5a08abd4 method=com.sun.javafx.font.CompositeStrike.getStrikeSlot(I)Lcom/sun/javafx/font/FontStrike; @ 155 c2
Event: 6.180 Thread 0x000001ff73d26450 DEOPT PACKING pc=0x000001ff5a08abd4 sp=0x00000011dc9fd400
Event: 6.180 Thread 0x000001ff73d26450 DEOPT UNPACKING pc=0x000001ff59aaf982 sp=0x00000011dc9fd3c8 mode 2
Event: 6.181 Thread 0x000001ff73d26450 Uncommon trap: trap_request=0xffffffde fr.pc=0x000001ff5a08ab0c relative=0x000000000000080c
Event: 6.181 Thread 0x000001ff73d26450 Uncommon trap: reason=class_check action=maybe_recompile pc=0x000001ff5a08ab0c method=com.sun.javafx.font.CompositeStrike.getStrikeSlot(I)Lcom/sun/javafx/font/FontStrike; @ 16 c2
Event: 6.181 Thread 0x000001ff73d26450 DEOPT PACKING pc=0x000001ff5a08ab0c sp=0x00000011dc9fd9f0
Event: 6.181 Thread 0x000001ff73d26450 DEOPT UNPACKING pc=0x000001ff59aaf982 sp=0x00000011dc9fd9b0 mode 2

Classes loaded (20 events):
Event: 4.163 Loading class java/util/stream/WhileOps$DropWhileOp done
Event: 4.163 Loading class java/util/stream/WhileOps$1Op done
Event: 4.163 Loading class java/util/stream/SliceOps
Event: 4.163 Loading class java/util/stream/SliceOps done
Event: 4.163 Loading class java/util/stream/SliceOps$1
Event: 4.164 Loading class java/util/stream/SliceOps$1 done
Event: 4.164 Loading class java/util/stream/SliceOps$1$1
Event: 4.164 Loading class java/util/stream/SliceOps$1$1 done
Event: 4.164 Loading class java/util/stream/WhileOps$1Op$1OpSink
Event: 4.164 Loading class java/util/stream/WhileOps$DropWhileSink
Event: 4.164 Loading class java/util/stream/WhileOps$DropWhileSink done
Event: 4.164 Loading class java/util/stream/WhileOps$1Op$1OpSink done
Event: 4.180 Loading class java/lang/FdLibm$Atan2
Event: 4.180 Loading class java/lang/FdLibm$Atan2 done
Event: 4.184 Loading class java/lang/FdLibm$Acos
Event: 4.184 Loading class java/lang/FdLibm$Acos done
Event: 11.734 Loading class java/net/SocketTimeoutException
Event: 11.734 Loading class java/net/SocketTimeoutException done
Event: 13.798 Loading class jdk/internal/misc/Signal$1
Event: 13.798 Loading class jdk/internal/misc/Signal$1 done

Classes unloaded (0 events):
No events

Classes redefined (0 events):
No events

Internal exceptions (20 events):
Event: 3.777 Thread 0x000001ff73d27bc0 Exception <a 'java/lang/ClassNotFoundException'{0x00000006081533b0}: com/sun/javafx/scene/control/skin/resources/controls_ru_RU> (0x00000006081533b0) 
thrown [s\open\src\hotspot\share\prims\jni.cpp, line 534]
Event: 3.846 Thread 0x000001ff73d27bc0 Exception <a 'java/lang/NoSuchMethodError'{0x00000006077ecd40}: 'java.lang.Object java.lang.invoke.DirectMethodHandle$Holder.invokeStatic(java.lang.Object, java.lang.Object, java.lang.Object, java.lang.Object, int)'> (0x00000006077ecd40) 
thrown [s\open\src\hotspot\share\interpreter\linkResolver.cpp, line 804]
Event: 3.886 Thread 0x000001ff73d27bc0 Exception <a 'java/io/FileNotFoundException'{0x0000000606d3cb08}> (0x0000000606d3cb08) 
thrown [s\open\src\hotspot\share\prims\jni.cpp, line 516]
Event: 3.886 Thread 0x000001ff73d27bc0 Exception <a 'java/io/FileNotFoundException'{0x0000000606d3e788}> (0x0000000606d3e788) 
thrown [s\open\src\hotspot\share\prims\jni.cpp, line 516]
Event: 3.886 Thread 0x000001ff73d27bc0 Exception <a 'java/io/FileNotFoundException'{0x0000000606d44a60}> (0x0000000606d44a60) 
thrown [s\open\src\hotspot\share\prims\jni.cpp, line 516]
Event: 3.886 Thread 0x000001ff73d27bc0 Exception <a 'java/io/FileNotFoundException'{0x0000000606d46180}> (0x0000000606d46180) 
thrown [s\open\src\hotspot\share\prims\jni.cpp, line 516]
Event: 3.891 Thread 0x000001ff73d27bc0 Exception <a 'java/io/FileNotFoundException'{0x0000000606e58028}> (0x0000000606e58028) 
thrown [s\open\src\hotspot\share\prims\jni.cpp, line 516]
Event: 3.891 Thread 0x000001ff73d27bc0 Exception <a 'java/io/FileNotFoundException'{0x0000000606e591f8}> (0x0000000606e591f8) 
thrown [s\open\src\hotspot\share\prims\jni.cpp, line 516]
Event: 3.891 Thread 0x000001ff73d27bc0 Exception <a 'java/io/FileNotFoundException'{0x0000000606e5a3e0}> (0x0000000606e5a3e0) 
thrown [s\open\src\hotspot\share\prims\jni.cpp, line 516]
Event: 3.891 Thread 0x000001ff73d27bc0 Exception <a 'java/io/FileNotFoundException'{0x0000000606e5b5a0}> (0x0000000606e5b5a0) 
thrown [s\open\src\hotspot\share\prims\jni.cpp, line 516]
Event: 3.903 Thread 0x000001ff73d27bc0 Exception <a 'java/lang/NoSuchMethodError'{0x0000000606ed8fe8}: 'java.lang.Object java.lang.invoke.DirectMethodHandle$Holder.newInvokeSpecial(java.lang.Object, java.lang.Object, int)'> (0x0000000606ed8fe8) 
thrown [s\open\src\hotspot\share\interpreter\linkResolver.cpp, line 804]
Event: 3.920 Thread 0x000001ff73d27bc0 Exception <a 'java/lang/NoSuchMethodError'{0x0000000606f0cfe0}: 'long java.lang.invoke.DirectMethodHandle$Holder.invokeStaticInit(java.lang.Object, java.lang.Object, java.lang.Object)'> (0x0000000606f0cfe0) 
thrown [s\open\src\hotspot\share\interpreter\linkResolver.cpp, line 804]
Event: 3.921 Thread 0x000001ff73d27bc0 Exception <a 'java/lang/NoSuchMethodError'{0x0000000606f575c0}: 'java.lang.Object java.lang.invoke.DirectMethodHandle$Holder.newInvokeSpecial(java.lang.Object, java.lang.Object, long)'> (0x0000000606f575c0) 
thrown [s\open\src\hotspot\share\interpreter\linkResolver.cpp, line 804]
Event: 3.921 Thread 0x000001ff73d27bc0 Exception <a 'java/lang/NoSuchMethodError'{0x0000000606f60160}: 'java.lang.Object java.lang.invoke.Invokers$Holder.linkToTargetMethod(java.lang.Object, long, java.lang.Object)'> (0x0000000606f60160) 
thrown [s\open\src\hotspot\share\interpreter\linkResolver.cpp, line 804]
Event: 4.142 Thread 0x000001ff73d26450 Exception <a 'java/lang/NoSuchMethodError'{0x000000060666d5f0}: 'int java.lang.invoke.DirectMethodHandle$Holder.invokeStaticInit(java.lang.Object, java.lang.Object)'> (0x000000060666d5f0) 
thrown [s\open\src\hotspot\share\interpreter\linkResolver.cpp, line 804]
Event: 4.193 Thread 0x000001ff73d26450 Exception <a 'java/lang/NoSuchMethodError'{0x0000000625a7f938}: 'java.lang.Object java.lang.invoke.DirectMethodHandle$Holder.invokeStaticInit(java.lang.Object, int)'> (0x0000000625a7f938) 
thrown [s\open\src\hotspot\share\interpreter\linkResolver.cpp, line 804]
Event: 4.633 Thread 0x000001ff73d27bc0 Exception <a 'java/lang/NoSuchMethodError'{0x000000062206f480}: 'java.lang.Object java.lang.invoke.DirectMethodHandle$Holder.newInvokeSpecial(java.lang.Object, java.lang.Object, java.lang.Object, double, double, double, double, int, int, int, int, int, int, int, int, int)'> (0x000000062206f480) 
thrown [s\open\src\hotspot\share\interpreter\linkResolver.cpp, line 804]
Event: 6.151 Thread 0x000001ff73d27bc0 Implicit null exception at 0x000001ff5a02292e to 0x000001ff5a0229b4
Event: 7.913 Thread 0x000001ff73d27bc0 Exception <a 'java/lang/NoSuchMethodError'{0x0000000608319388}: 'java.lang.Object java.lang.invoke.DirectMethodHandle$Holder.newInvokeSpecial(java.lang.Object, java.lang.Object, java.lang.Object, double)'> (0x0000000608319388) 
thrown [s\open\src\hotspot\share\interpreter\linkResolver.cpp, line 804]
Event: 7.913 Thread 0x000001ff73d27bc0 Exception <a 'java/lang/NoSuchMethodError'{0x0000000608322480}: 'java.lang.Object java.lang.invoke.Invokers$Holder.linkToTargetMethod(java.lang.Object, java.lang.Object, double, java.lang.Object)'> (0x0000000608322480) 
thrown [s\open\src\hotspot\share\interpreter\linkResolver.cpp, line 804]

VM Operations (20 events):
Event: 0.683 Executing non-safepoint VM operation: HandshakeAllThreads (Deoptimize) done
Event: 0.922 Executing non-safepoint VM operation: HandshakeAllThreads (Deoptimize)
Event: 0.922 Executing non-safepoint VM operation: HandshakeAllThreads (Deoptimize) done
Event: 1.226 Executing non-safepoint VM operation: HandshakeAllThreads (Deoptimize)
Event: 1.226 Executing non-safepoint VM operation: HandshakeAllThreads (Deoptimize) done
Event: 1.730 Executing non-safepoint VM operation: HandshakeAllThreads (Deoptimize)
Event: 1.730 Executing non-safepoint VM operation: HandshakeAllThreads (Deoptimize) done
Event: 1.743 Executing non-safepoint VM operation: HandshakeAllThreads (Deoptimize)
Event: 1.743 Executing non-safepoint VM operation: HandshakeAllThreads (Deoptimize) done
Event: 3.696 Executing non-safepoint VM operation: HandshakeAllThreads (Deoptimize)
Event: 3.696 Executing non-safepoint VM operation: HandshakeAllThreads (Deoptimize) done
Event: 3.756 Executing safepoint VM operation: CollectForMetadataAllocation (Metadata GC Threshold)
Event: 3.759 Executing safepoint VM operation: CollectForMetadataAllocation (Metadata GC Threshold) done
Event: 3.761 Executing safepoint VM operation: G1PauseRemark
Event: 3.762 Executing safepoint VM operation: G1PauseRemark done
Event: 3.762 Executing safepoint VM operation: G1PauseCleanup
Event: 3.762 Executing safepoint VM operation: G1PauseCleanup done
Event: 4.167 Executing safepoint VM operation: G1CollectForAllocation (G1 Evacuation Pause)
Event: 4.171 Executing safepoint VM operation: G1CollectForAllocation (G1 Evacuation Pause) done
Event: 13.800 Executing safepoint VM operation: Exit

Memory protections (0 events):
No events

Nmethod flushes (0 events):
No events

Events (20 events):
Event: 2.457 Thread 0x000001ff74bac230 Thread exited: 0x000001ff74bac230
Event: 3.716 Thread 0x000001ff7301a510 Thread added: 0x000001ff73e127d0
Event: 3.761 Thread 0x000001ff73d27bc0 Thread added: 0x000001ff7ca2aca0
Event: 3.870 Thread 0x000001ff73e127d0 Thread added: 0x000001ff73e18890
Event: 4.158 Thread 0x000001ff73d26450 Thread added: 0x000001ff7d4aa5f0
Event: 4.380 Thread 0x000001ff73e18890 Thread exited: 0x000001ff73e18890
Event: 4.380 Thread 0x000001ff73e127d0 Thread exited: 0x000001ff73e127d0
Event: 4.519 Thread 0x000001ff7301a510 Thread added: 0x000001ff73e15020
Event: 4.816 Thread 0x000001ff73e15020 Thread exited: 0x000001ff73e15020
Event: 4.906 Thread 0x000001ff7300cb60 Thread added: 0x000001ff73e15020
Event: 5.480 Thread 0x000001ff73e15020 Thread exited: 0x000001ff73e15020
Event: 6.166 Thread 0x000001ff7301a510 Thread added: 0x000001ff73e127d0
Event: 6.528 Thread 0x000001ff73e127d0 Thread exited: 0x000001ff73e127d0
Event: 13.798 Thread 0x000001ff6c19d750 Thread added: 0x000001ff7d2b77e0
Event: 13.799 Thread 0x000001ff7d2b77e0 Thread added: 0x000001ff7d2c0480
Event: 13.799 Thread 0x000001ff7d2b77e0 Thread added: 0x000001ff7d2bfcb0
Event: 13.799 Thread 0x000001ff7d2c0480 Thread exited: 0x000001ff7d2c0480
Event: 13.799 Thread 0x000001ff7d2bfcb0 Thread exited: 0x000001ff7d2bfcb0
Event: 13.799 Thread 0x000001ff7d2b77e0 Before exit entered
Event: 13.800 Thread 0x000001ff6c19d750 Thread exited: 0x000001ff6c19d750


Dynamic libraries:
0x00007ff671af0000 - 0x00007ff671b00000 	C:\Program Files\Java\jdk-25\bin\java.exe
0x00007ffbfd800000 - 0x00007ffbfda67000 	C:\WINDOWS\SYSTEM32\ntdll.dll
0x00007ffbfca50000 - 0x00007ffbfcb19000 	C:\WINDOWS\System32\KERNEL32.DLL
0x00007ffbfa660000 - 0x00007ffbfaa54000 	C:\WINDOWS\System32\KERNELBASE.dll
0x00007ffbfab10000 - 0x00007ffbfac5b000 	C:\WINDOWS\System32\ucrtbase.dll
0x00007ffbebd10000 - 0x00007ffbebd27000 	C:\Program Files\Java\jdk-25\bin\jli.dll
0x00007ffbebcf0000 - 0x00007ffbebd0e000 	C:\Program Files\Java\jdk-25\bin\VCRUNTIME140.dll
0x00007ffbfd320000 - 0x00007ffbfd4e5000 	C:\WINDOWS\System32\USER32.dll
0x00007ffbfa430000 - 0x00007ffbfa457000 	C:\WINDOWS\System32\win32u.dll
0x00007ffbe1510000 - 0x00007ffbe17a3000 	C:\WINDOWS\WinSxS\amd64_microsoft.windows.common-controls_6595b64144ccf1df_6.0.26100.8115_none_3e075c82e3354f9c\COMCTL32.dll
0x00007ffbfb810000 - 0x00007ffbfb83b000 	C:\WINDOWS\System32\GDI32.dll
0x00007ffbfcc50000 - 0x00007ffbfccf9000 	C:\WINDOWS\System32\msvcrt.dll
0x00007ffbfa0d0000 - 0x00007ffbfa1fb000 	C:\WINDOWS\System32\gdi32full.dll
0x00007ffbfaa60000 - 0x00007ffbfab03000 	C:\WINDOWS\System32\msvcp_win.dll
0x00007ffbfb780000 - 0x00007ffbfb7b2000 	C:\WINDOWS\System32\IMM32.DLL
0x00007ffbf2580000 - 0x00007ffbf258c000 	C:\Program Files\Java\jdk-25\bin\vcruntime140_1.dll
0x00007ffbdcc90000 - 0x00007ffbdcd1d000 	C:\Program Files\Java\jdk-25\bin\msvcp140.dll
0x00007ffb522a0000 - 0x00007ffb530ff000 	C:\Program Files\Java\jdk-25\bin\server\jvm.dll
0x00007ffbfbcd0000 - 0x00007ffbfbd86000 	C:\WINDOWS\System32\ADVAPI32.dll
0x00007ffbfd4f0000 - 0x00007ffbfd597000 	C:\WINDOWS\System32\sechost.dll
0x00007ffbfcb30000 - 0x00007ffbfcc48000 	C:\WINDOWS\System32\RPCRT4.dll
0x00007ffbfd6a0000 - 0x00007ffbfd720000 	C:\WINDOWS\System32\WS2_32.dll
0x00007ffbf9e80000 - 0x00007ffbf9ede000 	C:\WINDOWS\SYSTEM32\POWRPROF.dll
0x00007ffbf2d40000 - 0x00007ffbf2d4b000 	C:\WINDOWS\SYSTEM32\VERSION.dll
0x00007ffbe9f10000 - 0x00007ffbe9f46000 	C:\WINDOWS\SYSTEM32\WINMM.dll
0x00007ffbf9e60000 - 0x00007ffbf9e74000 	C:\WINDOWS\SYSTEM32\UMPDC.dll
0x00007ffbf8e20000 - 0x00007ffbf8e3b000 	C:\WINDOWS\SYSTEM32\kernel.appcore.dll
0x00007ffbec930000 - 0x00007ffbec93a000 	C:\Program Files\Java\jdk-25\bin\jimage.dll
0x00007ffbe8f40000 - 0x00007ffbe9182000 	C:\WINDOWS\SYSTEM32\DBGHELP.DLL
0x00007ffbfc6c0000 - 0x00007ffbfca42000 	C:\WINDOWS\System32\combase.dll
0x00007ffbfc500000 - 0x00007ffbfc5d8000 	C:\WINDOWS\System32\OLEAUT32.dll
0x00007ffbdcf10000 - 0x00007ffbdcf4b000 	C:\WINDOWS\SYSTEM32\dbgcore.DLL
0x00007ffbfa380000 - 0x00007ffbfa425000 	C:\WINDOWS\System32\bcryptPrimitives.dll
0x00007ffbec710000 - 0x00007ffbec720000 	C:\Program Files\Java\jdk-25\bin\instrument.dll
0x00007ffbe91a0000 - 0x00007ffbe91bf000 	C:\Program Files\Java\jdk-25\bin\java.dll
0x00007ffbfbb30000 - 0x00007ffbfbcc7000 	C:\WINDOWS\System32\ole32.dll
0x00007ffbfbd90000 - 0x00007ffbfc4f7000 	C:\WINDOWS\System32\SHELL32.dll
0x00007ffbfa460000 - 0x00007ffbfa5ca000 	C:\WINDOWS\System32\wintypes.dll
0x00007ffbfac60000 - 0x00007ffbfb4c8000 	C:\WINDOWS\System32\windows.storage.dll
0x00007ffbfd5a0000 - 0x00007ffbfd698000 	C:\WINDOWS\System32\SHCORE.dll
0x00007ffbfb6e0000 - 0x00007ffbfb746000 	C:\WINDOWS\System32\shlwapi.dll
0x00007ffbf9ff0000 - 0x00007ffbfa019000 	C:\WINDOWS\SYSTEM32\profapi.dll
0x00007ffbe2370000 - 0x00007ffbe2382000 	C:\Program Files\Java\jdk-25\bin\net.dll
0x00007ffbf9370000 - 0x00007ffbf93dc000 	C:\WINDOWS\system32\mswsock.dll
0x00007ffbe05d0000 - 0x00007ffbe05e6000 	C:\Program Files\Java\jdk-25\bin\nio.dll
0x00007ffbdeee0000 - 0x00007ffbdeef7000 	C:\Program Files\Java\jdk-25\bin\zip.dll
0x000001ff6ef70000 - 0x000001ff6ef73000 	C:\Users\User\.openjfx\cache\21.0.6+3\amd64\api-ms-win-core-console-l1-1-0.dll
0x000001ff6ec50000 - 0x000001ff6ec53000 	C:\Users\User\.openjfx\cache\21.0.6+3\amd64\api-ms-win-core-console-l1-2-0.dll
0x000001ff6ec60000 - 0x000001ff6ec63000 	C:\Users\User\.openjfx\cache\21.0.6+3\amd64\api-ms-win-core-datetime-l1-1-0.dll
0x000001ff6ec70000 - 0x000001ff6ec73000 	C:\Users\User\.openjfx\cache\21.0.6+3\amd64\api-ms-win-core-debug-l1-1-0.dll
0x000001ff6ec80000 - 0x000001ff6ec83000 	C:\Users\User\.openjfx\cache\21.0.6+3\amd64\api-ms-win-core-errorhandling-l1-1-0.dll
0x000001ff6ec90000 - 0x000001ff6ec94000 	C:\Users\User\.openjfx\cache\21.0.6+3\amd64\api-ms-win-core-file-l1-1-0.dll
0x000001ff6eca0000 - 0x000001ff6eca3000 	C:\Users\User\.openjfx\cache\21.0.6+3\amd64\api-ms-win-core-file-l1-2-0.dll
0x000001ff6ecb0000 - 0x000001ff6ecb3000 	C:\Users\User\.openjfx\cache\21.0.6+3\amd64\api-ms-win-core-file-l2-1-0.dll
0x000001ff6ecc0000 - 0x000001ff6ecc3000 	C:\Users\User\.openjfx\cache\21.0.6+3\amd64\api-ms-win-core-handle-l1-1-0.dll
0x000001ff6ecd0000 - 0x000001ff6ecd3000 	C:\Users\User\.openjfx\cache\21.0.6+3\amd64\api-ms-win-core-heap-l1-1-0.dll
0x000001ff6edf0000 - 0x000001ff6edf3000 	C:\Users\User\.openjfx\cache\21.0.6+3\amd64\api-ms-win-core-interlocked-l1-1-0.dll
0x000001ff6ee00000 - 0x000001ff6ee03000 	C:\Users\User\.openjfx\cache\21.0.6+3\amd64\api-ms-win-core-libraryloader-l1-1-0.dll
0x000001ff6ee10000 - 0x000001ff6ee13000 	C:\Users\User\.openjfx\cache\21.0.6+3\amd64\api-ms-win-core-localization-l1-2-0.dll
0x000001ff6ee20000 - 0x000001ff6ee23000 	C:\Users\User\.openjfx\cache\21.0.6+3\amd64\api-ms-win-core-memory-l1-1-0.dll
0x000001ff6ece0000 - 0x000001ff6ece3000 	C:\Users\User\.openjfx\cache\21.0.6+3\amd64\api-ms-win-core-namedpipe-l1-1-0.dll
0x000001ff6ecf0000 - 0x000001ff6ecf3000 	C:\Users\User\.openjfx\cache\21.0.6+3\amd64\api-ms-win-core-processenvironment-l1-1-0.dll
0x000001ff6ed00000 - 0x000001ff6ed03000 	C:\Users\User\.openjfx\cache\21.0.6+3\amd64\api-ms-win-core-processthreads-l1-1-0.dll
0x000001ff6ed10000 - 0x000001ff6ed13000 	C:\Users\User\.openjfx\cache\21.0.6+3\amd64\api-ms-win-core-processthreads-l1-1-1.dll
0x000001ff6ed20000 - 0x000001ff6ed23000 	C:\Users\User\.openjfx\cache\21.0.6+3\amd64\api-ms-win-core-profile-l1-1-0.dll
0x000001ff6ed30000 - 0x000001ff6ed33000 	C:\Users\User\.openjfx\cache\21.0.6+3\amd64\api-ms-win-core-rtlsupport-l1-1-0.dll
0x000001ff6ed40000 - 0x000001ff6ed43000 	C:\Users\User\.openjfx\cache\21.0.6+3\amd64\api-ms-win-core-string-l1-1-0.dll
0x000001ff6ed50000 - 0x000001ff6ed53000 	C:\Users\User\.openjfx\cache\21.0.6+3\amd64\api-ms-win-core-synch-l1-1-0.dll
0x000001ff6ed60000 - 0x000001ff6ed63000 	C:\Users\User\.openjfx\cache\21.0.6+3\amd64\api-ms-win-core-synch-l1-2-0.dll
0x000001ff6ed70000 - 0x000001ff6ed73000 	C:\Users\User\.openjfx\cache\21.0.6+3\amd64\api-ms-win-core-sysinfo-l1-1-0.dll
0x000001ff6ed80000 - 0x000001ff6ed83000 	C:\Users\User\.openjfx\cache\21.0.6+3\amd64\api-ms-win-core-timezone-l1-1-0.dll
0x000001ff6ed90000 - 0x000001ff6ed93000 	C:\Users\User\.openjfx\cache\21.0.6+3\amd64\api-ms-win-core-util-l1-1-0.dll
0x000001ff6eda0000 - 0x000001ff6eda3000 	C:\Users\User\.openjfx\cache\21.0.6+3\amd64\api-ms-win-crt-conio-l1-1-0.dll
0x000001ff6edb0000 - 0x000001ff6edb4000 	C:\Users\User\.openjfx\cache\21.0.6+3\amd64\api-ms-win-crt-convert-l1-1-0.dll
0x000001ff6edc0000 - 0x000001ff6edc3000 	C:\Users\User\.openjfx\cache\21.0.6+3\amd64\api-ms-win-crt-environment-l1-1-0.dll
0x000001ff6edd0000 - 0x000001ff6edd3000 	C:\Users\User\.openjfx\cache\21.0.6+3\amd64\api-ms-win-crt-filesystem-l1-1-0.dll
0x000001ff6ede0000 - 0x000001ff6ede3000 	C:\Users\User\.openjfx\cache\21.0.6+3\amd64\api-ms-win-crt-heap-l1-1-0.dll
0x000001ff6ee30000 - 0x000001ff6ee33000 	C:\Users\User\.openjfx\cache\21.0.6+3\amd64\api-ms-win-crt-locale-l1-1-0.dll
0x000001ff6ee40000 - 0x000001ff6ee45000 	C:\Users\User\.openjfx\cache\21.0.6+3\amd64\api-ms-win-crt-math-l1-1-0.dll
0x000001ff6ee50000 - 0x000001ff6ee55000 	C:\Users\User\.openjfx\cache\21.0.6+3\amd64\api-ms-win-crt-multibyte-l1-1-0.dll
0x000001ff6ee60000 - 0x000001ff6ee70000 	C:\Users\User\.openjfx\cache\21.0.6+3\amd64\api-ms-win-crt-private-l1-1-0.dll
0x000001ff6ee70000 - 0x000001ff6ee73000 	C:\Users\User\.openjfx\cache\21.0.6+3\amd64\api-ms-win-crt-process-l1-1-0.dll
0x000001ff6ee80000 - 0x000001ff6ee84000 	C:\Users\User\.openjfx\cache\21.0.6+3\amd64\api-ms-win-crt-runtime-l1-1-0.dll
0x000001ff6ee90000 - 0x000001ff6ee94000 	C:\Users\User\.openjfx\cache\21.0.6+3\amd64\api-ms-win-crt-stdio-l1-1-0.dll
0x000001ff6eea0000 - 0x000001ff6eea4000 	C:\Users\User\.openjfx\cache\21.0.6+3\amd64\api-ms-win-crt-string-l1-1-0.dll
0x000001ff6eeb0000 - 0x000001ff6eeb3000 	C:\Users\User\.openjfx\cache\21.0.6+3\amd64\api-ms-win-crt-time-l1-1-0.dll
0x000001ff6eec0000 - 0x000001ff6eec3000 	C:\Users\User\.openjfx\cache\21.0.6+3\amd64\api-ms-win-crt-utility-l1-1-0.dll
0x00007ffbdc5c0000 - 0x00007ffbdc6bc000 	C:\Users\User\.openjfx\cache\21.0.6+3\amd64\ucrtbase.dll
0x00007ffbdd850000 - 0x00007ffbdd86b000 	C:\Users\User\.openjfx\cache\21.0.6+3\amd64\vcruntime140.dll
0x00007ffbdee80000 - 0x00007ffbdee8c000 	C:\Users\User\.openjfx\cache\21.0.6+3\amd64\vcruntime140_1.dll
0x00007ffbdcc00000 - 0x00007ffbdcc8e000 	C:\Users\User\.openjfx\cache\21.0.6+3\amd64\msvcp140.dll
0x00007ffbdd840000 - 0x00007ffbdd849000 	C:\Users\User\.openjfx\cache\21.0.6+3\amd64\msvcp140_1.dll
0x00007ffbdc570000 - 0x00007ffbdc5b1000 	C:\Users\User\.openjfx\cache\21.0.6+3\amd64\msvcp140_2.dll
0x00007ffbdcbd0000 - 0x00007ffbdcc00000 	C:\Users\User\.openjfx\cache\21.0.6+3\amd64\prism_d3d.dll
0x00007ffb99170000 - 0x00007ffb99322000 	C:\WINDOWS\system32\d3d9.dll
0x00007ffbf7e40000 - 0x00007ffbf7e6f000 	C:\WINDOWS\SYSTEM32\dwmapi.dll
0x00007ffbf7c80000 - 0x00007ffbf7cc3000 	C:\WINDOWS\SYSTEM32\dxcore.dll
0x00007ffbf7b80000 - 0x00007ffbf7c29000 	C:\WINDOWS\system32\uxtheme.dll
0x00007ffb98a70000 - 0x00007ffb98b34000 	C:\WINDOWS\System32\DriverStore\FileRepository\nv_dispi.inf_amd64_12ab2876952d3f1f\nvldumdx.dll
0x00007ffbf97d0000 - 0x00007ffbf97e3000 	C:\WINDOWS\SYSTEM32\msasn1.dll
0x00007ffbf2d00000 - 0x00007ffbf2d3b000 	C:\WINDOWS\SYSTEM32\cryptnet.dll
0x00007ffbfa200000 - 0x00007ffbfa377000 	C:\WINDOWS\System32\CRYPT32.dll
0x00007ffbf95d0000 - 0x00007ffbf95dc000 	C:\WINDOWS\SYSTEM32\cryptbase.dll
0x00007ffbf9670000 - 0x00007ffbf96d8000 	C:\WINDOWS\SYSTEM32\wldp.dll
0x00007ffbf2950000 - 0x00007ffbf2ac8000 	C:\WINDOWS\SYSTEM32\drvstore.dll
0x00007ffbf9c80000 - 0x00007ffbf9cad000 	C:\WINDOWS\SYSTEM32\devobj.dll
0x00007ffbf9cd0000 - 0x00007ffbf9d21000 	C:\WINDOWS\SYSTEM32\cfgmgr32.dll
0x00007ffbfa5d0000 - 0x00007ffbfa652000 	C:\WINDOWS\System32\wintrust.dll
0x00007ffbfb750000 - 0x00007ffbfb770000 	C:\WINDOWS\System32\imagehlp.dll
0x00007ffbf9770000 - 0x00007ffbf978b000 	C:\WINDOWS\SYSTEM32\CRYPTSP.dll
0x00007ffbf8d80000 - 0x00007ffbf8db9000 	C:\WINDOWS\system32\rsaenh.dll
0x00007ffbf9fc0000 - 0x00007ffbf9fea000 	C:\WINDOWS\SYSTEM32\bcrypt.dll
0x00007ffb3efd0000 - 0x00007ffb43f27000 	C:\WINDOWS\System32\DriverStore\FileRepository\nv_dispi.inf_amd64_12ab2876952d3f1f\nvgpucomp64.dll
0x00007ffb68670000 - 0x00007ffb687ab000 	C:\WINDOWS\System32\DriverStore\FileRepository\nv_dispi.inf_amd64_12ab2876952d3f1f\NvMemMapStoragex.dll
0x00007ffb492b0000 - 0x00007ffb4b9e6000 	C:\WINDOWS\System32\DriverStore\FileRepository\nv_dispi.inf_amd64_12ab2876952d3f1f\nvd3dumx.dll
0x00007ffbf3fc0000 - 0x00007ffbf4021000 	C:\WINDOWS\SYSTEM32\directxdatabasehelper.dll
0x00007ffbdc320000 - 0x00007ffbdc362000 	C:\Users\User\.openjfx\cache\21.0.6+3\amd64\glass.dll
0x00007ffbfb850000 - 0x00007ffbfb93f000 	C:\WINDOWS\System32\COMDLG32.dll
0x0000000180000000 - 0x00000001834b4000 	C:\Program Files (x86)\RivaTuner Statistics Server\RTSSHooks64.dll
0x00007ffbfcd30000 - 0x00007ffbfd1b7000 	C:\WINDOWS\System32\SETUPAPI.dll
0x00007ffbfd1c0000 - 0x00007ffbfd31c000 	C:\WINDOWS\System32\MSCTF.dll
0x00007ffbd55f0000 - 0x00007ffbd5737000 	C:\WINDOWS\system32\nvspcap64.dll
0x00007ffbf8f40000 - 0x00007ffbf8f76000 	C:\WINDOWS\SYSTEM32\ntmarta.dll
0x00007ffbf93e0000 - 0x00007ffbf9410000 	C:\WINDOWS\SYSTEM32\gpapi.dll
0x00007ffb53100000 - 0x00007ffb53825000 	C:\WINDOWS\System32\DriverStore\FileRepository\nv_dispi.inf_amd64_12ab2876952d3f1f\nvppex.dll
0x00007ffbdcf60000 - 0x00007ffbdcf75000 	C:\Users\User\.openjfx\cache\21.0.6+3\amd64\javafx_font.dll
0x00007ffbf6110000 - 0x00007ffbf6377000 	C:\WINDOWS\SYSTEM32\dwrite.dll
0x00007ffbf8840000 - 0x00007ffbf8972000 	C:\WINDOWS\SYSTEM32\DNSAPI.dll

JVMTI agents:
C:\Program Files\JetBrains\IntelliJ IDEA 2025.3.2\lib\idea_rt.jar path:C:\Program Files\Java\jdk-25\bin\instrument.dll, loaded, initialized, instrumentlib options:56138

dbghelp: loaded successfully - version: 4.0.5 - missing functions: none
symbol engine: initialized successfully - sym options: 0x614 - pdb path: .;C:\Program Files\Java\jdk-25\bin;C:\WINDOWS\SYSTEM32;C:\WINDOWS\WinSxS\amd64_microsoft.windows.common-controls_6595b64144ccf1df_6.0.26100.8115_none_3e075c82e3354f9c;C:\Program Files\Java\jdk-25\bin\server;C:\Users\User\.openjfx\cache\21.0.6+3\amd64;C:\WINDOWS\System32\DriverStore\FileRepository\nv_dispi.inf_amd64_12ab2876952d3f1f;C:\Program Files (x86)\RivaTuner Statistics Server;C:\Program Files\Common Files\Microsoft Shared\Ink

VM Arguments:
jvm_args: -javaagent:C:\Program Files\JetBrains\IntelliJ IDEA 2025.3.2\lib\idea_rt.jar=56138 -Dfile.encoding=UTF-8 -Dsun.stdout.encoding=UTF-8 -Dsun.stderr.encoding=UTF-8 --module-path=C:\Users\User\.m2\repository\org\openjfx\javafx-fxml\21.0.6\javafx-fxml-21.0.6-win.jar;C:\Users\User\.m2\repository\org\openjfx\javafx-base\21.0.6\javafx-base-21.0.6-win.jar;C:\Users\User\.m2\repository\org\openjfx\javafx-graphics\21.0.6\javafx-graphics-21.0.6-win.jar;C:\Users\User\.m2\repository\org\openjfx\javafx-controls\21.0.6\javafx-controls-21.0.6-win.jar;C:\Users\User\.m2\repository\com\sun\activation\jakarta.activation\2.0.1\jakarta.activation-2.0.1.jar;C:\Users\User\IdeaProjects\2version\target\classes;C:\Users\User\.m2\repository\com\sun\mail\jakarta.mail\2.0.1\jakarta.mail-2.0.1.jar -Djdk.module.main=org.example._version 
java_command: org.example._version/org.example._version.MovieBookingApp
java_class_path (initial): C:\Users\User\.m2\repository\org\openjfx\javafx-controls\21.0.6\javafx-controls-21.0.6.jar;C:\Users\User\.m2\repository\org\openjfx\javafx-graphics\21.0.6\javafx-graphics-21.0.6.jar;C:\Users\User\.m2\repository\org\openjfx\javafx-base\21.0.6\javafx-base-21.0.6.jar;C:\Users\User\.m2\repository\com\mysql\mysql-connector-j\9.0.0\mysql-connector-j-9.0.0.jar;C:\Users\User\.m2\repository\com\google\protobuf\protobuf-java\4.26.1\protobuf-java-4.26.1.jar;C:\Users\User\.m2\repository\org\openjfx\javafx-fxml\21.0.6\javafx-fxml-21.0.6.jar
Launcher Type: SUN_STANDARD

[Global flags]
     intx CICompilerCount                          = 4                                         {product} {ergonomic}
     uint ConcGCThreads                            = 3                                         {product} {ergonomic}
     uint G1ConcRefinementThreads                  = 10                                        {product} {ergonomic}
   size_t G1HeapRegionSize                         = 4194304                                   {product} {ergonomic}
   size_t InitialHeapSize                          = 532676608                                 {product} {ergonomic}
   size_t MarkStackSize                            = 4194304                                   {product} {ergonomic}
   size_t MarkStackSizeMax                         = 536870912                                 {product} {ergonomic}
   size_t MaxHeapSize                              = 8489271296                                {product} {ergonomic}
   size_t MaxNewSize                               = 5091885056                                {product} {ergonomic}
   size_t MinHeapDeltaBytes                        = 4194304                                   {product} {ergonomic}
   size_t MinHeapSize                              = 8388608                                   {product} {ergonomic}
    uintx NonNMethodCodeHeapSize                   = 5832704                                {pd product} {ergonomic}
    uintx NonProfiledCodeHeapSize                  = 122945536                              {pd product} {ergonomic}
    uintx ProfiledCodeHeapSize                     = 122880000                              {pd product} {ergonomic}
    uintx ReservedCodeCacheSize                    = 251658240                              {pd product} {ergonomic}
     bool SegmentedCodeCache                       = true                                      {product} {ergonomic}
   size_t SoftMaxHeapSize                          = 8489271296                             {manageable} {ergonomic}
     bool UseCompressedOops                        = true                           {product lp64_product} {ergonomic}
     bool UseG1GC                                  = true                                      {product} {ergonomic}
     bool UseLargePagesIndividualAllocation        = false                                  {pd product} {ergonomic}

Logging:
Log output configuration:
 #0: stdout all=off uptime,level,tags foldmultilines=false
 #1: stderr all=off uptime,level,tags foldmultilines=false

Release file:
IMPLEMENTOR="Oracle Corporation" 
JAVA_RUNTIME_VERSION="25.0.1+8-LTS-27" 
JAVA_VERSION="25.0.1" 
JAVA_VERSION_DATE="2025-10-21" 
LIBC="default" 
MODULES="java.base java.compiler java.datatransfer java.xml java.prefs java.desktop java.instrument java.logging java.management java.security.sasl java.naming java.rmi java.management.rmi java.net.http java.scripting java.security.jgss java.transaction.xa java.sql java.sql.rowset java.xml.crypto java.se java.smartcardio jdk.accessibility jdk.internal.jvmstat jdk.attach jdk.charsets jdk.internal.opt jdk.zipfs jdk.compiler jdk.crypto.cryptoki jdk.crypto.ec jdk.crypto.mscapi jdk.dynalink jdk.internal.ed jdk.editpad jdk.internal.vm.ci jdk.graal.compiler jdk.graal.compiler.management jdk.hotspot.agent jdk.httpserver jdk.incubator.vector jdk.internal.le jdk.internal.md jdk.jartool jdk.javadoc jdk.jcmd jdk.management jdk.management.agent jdk.jconsole jdk.jdeps jdk.jdwp.agent jdk.jdi jdk.jfr jdk.jlink jdk.jpackage jdk.jshell jdk.jsobject jdk.jstatd jdk.localedata jdk.management.jfr jdk.naming.dns jdk.naming.rmi jdk.net jdk.nio.mapmode jdk.sctp jdk.security.auth jdk.security.jgss jdk.unsupported jdk.unsupported.desktop jdk.xml.dom" 
OS_ARCH="x86_64" 
OS_NAME="Windows" 
SOURCE=".:git:862c85bc42b7 open:git:78770bfaefd2" 

Environment Variables:
PATH=C:\Program Files\Common Files\Oracle\Java\javapath;C:\WINDOWS\system32;C:\WINDOWS;C:\WINDOWS\System32\Wbem;C:\WINDOWS\System32\WindowsPowerShell\v1.0\;C:\WINDOWS\System32\OpenSSH\;C:\Program Files\NVIDIA Corporation\NVIDIA App\NvDLISR;C:\Program Files (x86)\NVIDIA Corporation\PhysX\Common;C:\SS\Sunshine;C:\SS\Sunshine\tools;C:\Program Files\Git\cmd;C:\Users\User\AppData\Local\Microsoft\WindowsApps;C:\Users\User\AppData\Local\Programs\Microsoft VS Code\bin;D:\Saidazim igroman\cursor\resources\app\bin
USERNAME=User
OS=Windows_NT
PROCESSOR_IDENTIFIER=AMD64 Family 25 Model 97 Stepping 2, AuthenticAMD
TMP=C:\Users\User\AppData\Local\Temp
TEMP=C:\Users\User\AppData\Local\Temp




Compilation memory statistics disabled.

Periodic native trim disabled

---------------  S Y S T E M  ---------------

OS:
 Windows 11 , 64 bit Build 26100 (10.0.26100.8246)
OS uptime: 0 days 11:56 hours
Hyper-V role detected

CPU: total 12 (initial active 12) (12 cores per cpu, 2 threads per core) family 25 model 97 stepping 2 microcode 0xa60120c, cx8, cmov, fxsr, ht, mmx, 3dnowpref, sse, sse2, sse3, ssse3, sse4a, sse4.1, sse4.2, popcnt, lzcnt, tsc, tscinvbit, avx, avx2, aes, erms, clmul, bmi1, bmi2, adx, avx512f, avx512dq, avx512cd, avx512bw, avx512vl, sha, fma, vzeroupper, avx512_vpopcntdq, avx512_vpclmulqdq, avx512_vaes, avx512_vnni, clflush, clflushopt, clwb, avx512_vbmi2, avx512_vbmi, hv, rdtscp, rdpid, fsrm, gfni, avx512_bitalg, f16c, cet_ss, avx512_ifma
Processor Information for the first 12 processors :
  Max Mhz: 3701, Current Mhz: 3701, Mhz Limit: 3701

Memory: 4k page, system-wide physical 32373M (20619M free)
TotalPageFile size 34421M (AvailPageFile size 17977M)
current process WorkingSet (physical memory assigned to process): 208M, peak: 218M
current process commit charge ("private bytes"): 354M, peak: 801M

vm_info: Java HotSpot(TM) 64-Bit Server VM (25.0.1+8-LTS-27) for windows-amd64 JRE (25.0.1+8-LTS-27), built on 2025-09-25T16:41:16Z with unknown MS VC++:1943

END.
