#
# A fatal error has been detected by the Java Runtime Environment:
#
#  EXCEPTION_ACCESS_VIOLATION (0xc0000005) at pc=0x00007ffbdc346a17, pid=22084, tid=20000
#
# JRE version: Java(TM) SE Runtime Environment (25.0.1+8) (build 25.0.1+8-LTS-27)
# Java VM: Java HotSpot(TM) 64-Bit Server VM (25.0.1+8-LTS-27, mixed mode, sharing, tiered, compressed oops, compressed class ptrs, g1 gc, windows-amd64)
# Problematic frame:
# C  [glass.dll+0x26a17]
#
# No core dump will be written. Minidumps are not enabled by default on client versions of Windows
#
# If you would like to submit a bug report, please visit:
#   https://bugreport.java.com/bugreport/crash.jsp
#

---------------  S U M M A R Y ------------

Command Line: -javaagent:C:\Program Files\JetBrains\IntelliJ IDEA 2025.3.2\lib\idea_rt.jar=55078 -Dfile.encoding=UTF-8 -Dsun.stdout.encoding=UTF-8 -Dsun.stderr.encoding=UTF-8 --module-path=C:\Users\User\.m2\repository\org\openjfx\javafx-fxml\21.0.6\javafx-fxml-21.0.6-win.jar;C:\Users\User\.m2\repository\org\openjfx\javafx-base\21.0.6\javafx-base-21.0.6-win.jar;C:\Users\User\.m2\repository\org\openjfx\javafx-graphics\21.0.6\javafx-graphics-21.0.6-win.jar;C:\Users\User\.m2\repository\org\openjfx\javafx-controls\21.0.6\javafx-controls-21.0.6-win.jar;C:\Users\User\.m2\repository\com\sun\activation\jakarta.activation\2.0.1\jakarta.activation-2.0.1.jar;C:\Users\User\IdeaProjects\2version\target\classes;C:\Users\User\.m2\repository\com\sun\mail\jakarta.mail\2.0.1\jakarta.mail-2.0.1.jar -Djdk.module.main=org.example._version org.example._version/org.example._version.MovieBookingApp

Host: AMD Ryzen 5 7500F 6-Core Processor             , 12 cores, 31G,  Windows 11 , 64 bit Build 26100 (10.0.26100.8246)
Time: Sun Apr 19 20:24:49 2026 elapsed time: 19.794390 seconds (0d 0h 0m 19s)

---------------  T H R E A D  ---------------

Current thread (0x00000229f786f450):  VMThread "VM Thread"          [id=20000, stack(0x0000004c95f00000,0x0000004c96000000) (1024K)]

Stack: [0x0000004c95f00000,0x0000004c96000000],  sp=0x0000004c95fff040,  free space=1020k
Native frames: (J=compiled Java code, j=interpreted, Vv=VM code, C=native code)
C  [glass.dll+0x26a17]  (no source info available)
C  [ucrtbase.dll+0x4bc75]  (no source info available)
C  [ucrtbase.dll+0x4b897]  (no source info available)
C  [ucrtbase.dll+0x4b84d]  (no source info available)
C  [glass.dll+0x241ed]  (no source info available)
C  [glass.dll+0x24312]  (no source info available)
C  [ntdll.dll+0x15f7ea]  (no source info available)
C  [ntdll.dll+0xbc23]  (no source info available)
C  [ntdll.dll+0x8d36f]  (no source info available)
C  [ntdll.dll+0x8c53e]  (no source info available)
C  [KERNEL32.DLL+0x418bb]  (no source info available)
C  [ucrtbase.dll+0xa00b3]  (no source info available)
V  [jvm.dll+0x79eb3a]  (no source info available)
V  [jvm.dll+0x79f001]  (no source info available)
V  [jvm.dll+0x79eb20]  (no source info available)
V  [jvm.dll+0x47a184]  (no source info available)
V  [jvm.dll+0x96f091]  (no source info available)
V  [jvm.dll+0x9703ad]  (no source info available)
V  [jvm.dll+0x970929]  (no source info available)
V  [jvm.dll+0x970bd3]  (no source info available)
V  [jvm.dll+0x906a0d]  (no source info available)
V  [jvm.dll+0x7a5135]  (no source info available)
C  [ucrtbase.dll+0x37b0]  (no source info available)
C  [KERNEL32.DLL+0x2e8d7]  (no source info available)
C  [ntdll.dll+0x8c3fc]  (no source info available)


siginfo: EXCEPTION_ACCESS_VIOLATION (0xc0000005), reading address 0x0000000000000000


Registers:
RAX=0x0000000000000000, RBX=0x00000229f7878aea, RCX=0x00000229f786f450, RDX=0x0000004c95fff040
RSP=0x0000004c95fff040, RBP=0x0000059bb24ec502, RSI=0x00000229fae8f918, RDI=0x00000229fae8f8f0
R8 =0x0000000000010002, R9 =0x0000059bb24ec502, R10=0x00000229d3500000, R11=0x00000229faab8700
R12=0x000000007ffe0385, R13=0x0000000000000001, R14=0x0000004c95fff148, R15=0x00000229fae8f8f0
RIP=0x00007ffbdc346a17, EFLAGS=0x0000000000010202

XMM[0]=0x0000000000000000 0x0000000000000000
XMM[1]=0x002d0052002d0078 0x00450065006c0064
XMM[2]=0x0000000000000000 0x0000000000000000
XMM[3]=0x0000000000000000 0x0000000000000000
XMM[4]=0x0000000000000000 0x0000000000000000
XMM[5]=0x0000000000000000 0x0000000000000000
XMM[6]=0x0000000000000000 0x0000000000000000
XMM[7]=0x0000000000000000 0x0000000000000000
XMM[8]=0x0000000000000000 0x404e000000000000
XMM[9]=0x0000000000000000 0x0000000000000000
XMM[10]=0x0000000000000000 0x0000000000000000
XMM[11]=0x0000000000000000 0x0000000000000000
XMM[12]=0x0000000000000000 0x0000000000000000
XMM[13]=0x0000000000000000 0x0000000000000000
XMM[14]=0x0000000000000000 0x0000000000000000
XMM[15]=0x0000000000000000 0x0000000000000000
  MXCSR=0x00001fa0


Register to memory mapping:

RAX=0x0 is null
RBX=0x00000229f7878aea is a global jni handle
RCX=0x00000229f786f450 points into unknown readable memory: 0x00007ffb52e2e3a0 | a0 e3 e2 52 fb 7f 00 00
RDX=0x0000004c95fff040 points into unknown readable memory: 0x0000000000000000 | 00 00 00 00 00 00 00 00
RSP=0x0000004c95fff040 points into unknown readable memory: 0x0000000000000000 | 00 00 00 00 00 00 00 00
RBP=0x0000059bb24ec502 is an unknown value
RSI=0x00000229fae8f918 points into unknown readable memory: 0x0000059bb24ec502 | 02 c5 4e b2 9b 05 00 00
RDI=0x00000229fae8f8f0 points into unknown readable memory: 0x0001fa74c29e3ce2 | e2 3c 9e c2 74 fa 01 00
R8 =0x0000000000010002 is an unknown value
R9 =0x0000059bb24ec502 is an unknown value
R10=0x00000229d3500000 points into unknown readable memory: 0x0000000000000000 | 00 00 00 00 00 00 00 00
R11=0x00000229faab8700 points into unknown readable memory: 0x0000000000000000 | 00 00 00 00 00 00 00 00
R12=0x000000007ffe0385 points into unknown readable memory: 00 00 00
R13=0x0000000000000001 is an unknown value
R14=0x0000004c95fff148 points into unknown readable memory: 0x0000004c95fff130 | 30 f1 ff 95 4c 00 00 00
R15=0x00000229fae8f8f0 points into unknown readable memory: 0x0001fa74c29e3ce2 | e2 3c 9e c2 74 fa 01 00

Top of Stack: (sp=0x0000004c95fff040)
0x0000004c95fff040:   0000000000000000 0000022900000000   ............)...
0x0000004c95fff050:   00000229faaad5d0 000000007ffe0385   ....)...........
0x0000004c95fff060:   00000229fae8f8f8 00007ffbfab5bc75   ....)...u.......
0x0000004c95fff070:   00000229fae8f8f0 0000022900000000   ....).......)...
0x0000004c95fff080:   00000229fae8f910 0000059bb24ec502   ....).....N.....
0x0000004c95fff090:   fffffffffffffffe 0000022900000000   ............)...
0x0000004c95fff0a0:   00007ffbdc320000 00007ffbdc320000   ..2.......2.....
0x0000004c95fff0b0:   0000004c95fff138 00007ffbfab5b897   8...L...........
0x0000004c95fff0c0:   0000004c95fff100 0000004c95fff148   ....L...H...L...
0x0000004c95fff0d0:   0000004c95fff690 00007ffbfac488c0   ....L...........
0x0000004c95fff0e0:   0000000000000001 00007ffbfab5b84d   ........M.......
0x0000004c95fff0f0:   0000000000000000 0000000000000001   ................
0x0000004c95fff100:   0000000000000000 0000004c95fff138   ........8...L...
0x0000004c95fff110:   fffffffffffffffe 0000022980970b30   ........0...)...
0x0000004c95fff120:   0000022980970b30 00007ffbdc3441ed   0...)....A4.....
0x0000004c95fff130:   00007ffbdc35a008 0000000000000002   ..5.............
0x0000004c95fff140:   0000000000000002 0000004c95fff130   ........0...L...
0x0000004c95fff150:   0000000000000000 00000001800908f0   ................
0x0000004c95fff160:   0000000000000000 00007ffbdc344312   .........C4.....
0x0000004c95fff170:   0000000000000001 0000000000000001   ................
0x0000004c95fff180:   0000000000000000 0000000180090a4a   ........J.......
0x0000004c95fff190:   0000000000000000 0000000000000001   ................
0x0000004c95fff1a0:   0000022900000001 0000037f0000198c   ....)...........
0x0000004c95fff1b0:   0000000000000000 00007ffbdc344360   ........`C4.....
0x0000004c95fff1c0:   0000000000000001 00007ffbfd95f7ea   ................
0x0000004c95fff1d0:   00007ffbdc320000 0000000000000000   ..2.............
0x0000004c95fff1e0:   0000000000000001 000000007ffe0384   ................
0x0000004c95fff1f0:   0000000000000000 00007ffbfd80bc23   ........#.......
0x0000004c95fff200:   0000000000000000 00000229d38104a8   ............)...
0x0000004c95fff210:   000000000000008d 0000000000000000   ................
0x0000004c95fff220:   0000000000000000 0000000000000000   ................
0x0000004c95fff230:   0000000000000000 ffffe73000000000   ............0...

Instructions: (pc=0x00007ffbdc346a17)
  0x00007ffbdc346917:   8b 4d 58 e8 8d cf ff ff 48 8b 4d 60 e8 84 cf ff
  0x00007ffbdc346927:   ff 48 8b 95 80 00 00 00 48 8b 8d 18 01 00 00 e8
  0x00007ffbdc346937:   76 c4 ff ff 33 d2 33 c9 e8 cc e1 ff ff 90 48 89
  0x00007ffbdc346947:   54 24 10 55 48 83 ec 20 48 8b ea 48 b8 00 00 00
  0x00007ffbdc346957:   00 00 00 00 00 48 83 c4 20 5d c3 cc 40 55 48 8b
  0x00007ffbdc346967:   ea 48 8b 01 33 c9 81 38 05 00 00 c0 0f 94 c1 8b
  0x00007ffbdc346977:   c1 5d c3 cc 40 55 48 83 ec 20 48 8b ea 8a 4d 40
  0x00007ffbdc346987:   48 83 c4 20 5d e9 73 d3 ff ff cc 40 55 48 83 ec
  0x00007ffbdc346997:   20 48 8b ea 8a 4d 20 e8 61 d3 ff ff 90 48 83 c4
  0x00007ffbdc3469a7:   20 5d c3 cc 40 55 48 83 ec 20 48 8b ea 48 83 c4
  0x00007ffbdc3469b7:   20 5d e9 c2 d1 ff ff cc 40 55 48 83 ec 30 48 8b
  0x00007ffbdc3469c7:   ea 48 8b 01 8b 10 48 89 4c 24 28 89 54 24 20 4c
  0x00007ffbdc3469d7:   8d 0d 63 d6 ff ff 4c 8b 45 70 8b 55 68 48 8b 4d
  0x00007ffbdc3469e7:   60 e8 03 d1 ff ff 90 48 83 c4 30 5d c3 cc cc cc
  0x00007ffbdc3469f7:   cc cc cc cc cc cc cc cc cc 40 53 48 83 ec 20 48
  0x00007ffbdc346a07:   8b 1d fb 2f 01 00 48 85 db 74 16 e8 89 8f ff ff
=>0x00007ffbdc346a17:   4c 8b 00 48 8b d3 48 8b c8 41 ff 90 b0 00 00 00
  0x00007ffbdc346a27:   90 48 83 c4 20 5b c3 cc cc 40 53 48 83 ec 20 48
  0x00007ffbdc346a37:   8b 1d 6b 31 01 00 48 85 db 74 57 b8 ff ff ff ff
  0x00007ffbdc346a47:   f0 0f c1 43 10 83 f8 01 75 3d 48 85 db 74 38 48
  0x00007ffbdc346a57:   8b 0b 48 85 c9 74 0d ff 15 44 08 00 00 48 c7 03
  0x00007ffbdc346a67:   00 00 00 00 48 8b 4b 08 48 85 c9 74 0d e8 33 ce
  0x00007ffbdc346a77:   ff ff 48 c7 43 08 00 00 00 00 ba 18 00 00 00 48
  0x00007ffbdc346a87:   8b cb e8 1e ce ff ff 48 c7 05 0f 31 01 00 00 00
  0x00007ffbdc346a97:   00 00 48 83 c4 20 5b c3 cc 40 53 48 83 ec 20 48
  0x00007ffbdc346aa7:   8b 1d db 30 01 00 48 85 db 74 57 b8 ff ff ff ff
  0x00007ffbdc346ab7:   f0 0f c1 43 10 83 f8 01 75 3d 48 85 db 74 38 48
  0x00007ffbdc346ac7:   8b 0b 48 85 c9 74 0d ff 15 d4 07 00 00 48 c7 03
  0x00007ffbdc346ad7:   00 00 00 00 48 8b 4b 08 48 85 c9 74 0d e8 c3 cd
  0x00007ffbdc346ae7:   ff ff 48 c7 43 08 00 00 00 00 ba 18 00 00 00 48
  0x00007ffbdc346af7:   8b cb e8 ae cd ff ff 48 c7 05 7f 30 01 00 00 00
  0x00007ffbdc346b07:   00 00 48 83 c4 20 5b c3 cc 40 53 48 83 ec 20 48


Stack slot to memory mapping:

stack at sp + 0 slots: 0x0 is null
stack at sp + 1 slots: 0x0000022900000000 is an unknown value
stack at sp + 2 slots: 0x00000229faaad5d0 points into unknown readable memory: 0x00000229faaad360 | 60 d3 aa fa 29 02 00 00
stack at sp + 3 slots: 0x000000007ffe0385 points into unknown readable memory: 00 00 00
stack at sp + 4 slots: 0x00000229fae8f8f8 points into unknown readable memory: 0x0000059bb24ec502 | 02 c5 4e b2 9b 05 00 00
stack at sp + 5 slots: 0x00007ffbfab5bc75 ucrtbase.dll
stack at sp + 6 slots: 0x00000229fae8f8f0 points into unknown readable memory: 0x0001fa74c29e3ce2 | e2 3c 9e c2 74 fa 01 00
stack at sp + 7 slots: 0x0000022900000000 is an unknown value

VM_Operation (0x0000004c969ff1b0): Exit, mode: safepoint, requested by thread 0x000002298834d6a0


---------------  P R O C E S S  ---------------

Threads class SMR info:
_java_thread_list=0x00000229ff449a60, length=21, elements={
0x00000229d591cee0, 0x00000229f7886150, 0x00000229f7886bb0, 0x00000229f788e840,
0x00000229f788f400, 0x00000229f7897fd0, 0x00000229f789aba0, 0x00000229f78a4d30,
0x00000229f78a9660, 0x00000229fa46f380, 0x00000229faee2ff0, 0x00000229faf29420,
0x00000229facc7940, 0x00000229faad18f0, 0x00000229faad8ee0, 0x00000229ffc908a0,
0x00000229ffc8f740, 0x00000229faac87f0, 0x00000229f789e4e0, 0x0000022988f130f0,
0x000002298834d6a0
}

Java Threads: ( => current thread )
  0x00000229d591cee0 JavaThread "main"                              [_thread_blocked, id=408, stack(0x0000004c95800000,0x0000004c95900000) (1024K)]
  0x00000229f7886150 JavaThread "Reference Handler"          daemon [_thread_blocked, id=5920, stack(0x0000004c96000000,0x0000004c96100000) (1024K)]
  0x00000229f7886bb0 JavaThread "Finalizer"                  daemon [_thread_blocked, id=4776, stack(0x0000004c96100000,0x0000004c96200000) (1024K)]
  0x00000229f788e840 JavaThread "Signal Dispatcher"          daemon [_thread_blocked, id=3520, stack(0x0000004c96200000,0x0000004c96300000) (1024K)]
  0x00000229f788f400 JavaThread "Attach Listener"            daemon [_thread_blocked, id=22176, stack(0x0000004c96300000,0x0000004c96400000) (1024K)]
  0x00000229f7897fd0 JavaThread "Service Thread"             daemon [_thread_blocked, id=21796, stack(0x0000004c96400000,0x0000004c96500000) (1024K)]
  0x00000229f789aba0 JavaThread "Monitor Deflation Thread"   daemon [_thread_blocked, id=20760, stack(0x0000004c96500000,0x0000004c96600000) (1024K)]
  0x00000229f78a4d30 JavaThread "C2 CompilerThread0"         daemon [_thread_blocked, id=6704, stack(0x0000004c96600000,0x0000004c96700000) (1024K)]
  0x00000229f78a9660 JavaThread "C1 CompilerThread0"         daemon [_thread_blocked, id=20028, stack(0x0000004c96700000,0x0000004c96800000) (1024K)]
  0x00000229fa46f380 JavaThread "Common-Cleaner"             daemon [_thread_blocked, id=20452, stack(0x0000004c96800000,0x0000004c96900000) (1024K)]
  0x00000229faee2ff0 JavaThread "Monitor Ctrl-Break"         daemon [_thread_in_native, id=8196, stack(0x0000004c96b00000,0x0000004c96c00000) (1024K)]
  0x00000229faf29420 JavaThread "Notification Thread"        daemon [_thread_blocked, id=10936, stack(0x0000004c96c00000,0x0000004c96d00000) (1024K)]
  0x00000229facc7940 JavaThread "QuantumRenderer-0"          daemon [_thread_blocked, id=8504, stack(0x0000004c96d00000,0x0000004c96e00000) (1024K)]
  0x00000229faad18f0 JavaThread "InvokeLaterDispatcher"      daemon [_thread_blocked, id=9288, stack(0x0000004c96f00000,0x0000004c97000000) (1024K)]
  0x00000229faad8ee0 JavaThread "JavaFX Application Thread"         [_thread_in_native, id=9364, stack(0x0000004c97000000,0x0000004c97100000) (1024K)]
  0x00000229ffc908a0 JavaThread "JavaFX-Launcher"                   [_thread_blocked, id=7212, stack(0x0000004c97300000,0x0000004c97400000) (1024K)]
  0x00000229ffc8f740 JavaThread "Thread-2"                   daemon [_thread_in_native, id=13652, stack(0x0000004c97200000,0x0000004c97300000) (1024K)]
  0x00000229faac87f0 JavaThread "mysql-cj-abandoned-connection-cleanup" daemon [_thread_blocked, id=8964, stack(0x0000004c97400000,0x0000004c97500000) (1024K)]
  0x00000229f789e4e0 JavaThread "Prism Font Disposer"        daemon [_thread_blocked, id=3620, stack(0x0000004c98300000,0x0000004c98400000) (1024K)]
  0x0000022988f130f0 JavaThread "Cleaner-0"                  daemon [_thread_blocked, id=10256, stack(0x0000004c985b0000,0x0000004c986b0000) (1024K)]
  0x000002298834d6a0 JavaThread "SIGINT handler"             daemon [_thread_blocked, id=20712, stack(0x0000004c96900000,0x0000004c96a00000) (1024K)]
Total: 21

Other Threads:
=>0x00000229f786f450 VMThread "VM Thread"                           [id=20000, stack(0x0000004c95f00000,0x0000004c96000000) (1024K)]
  0x00000229d59c6470 WorkerThread "GC Thread#0"                     [id=20096, stack(0x0000004c95900000,0x0000004c95a00000) (1024K)]
  0x00000229fff59160 WorkerThread "GC Thread#1"                     [id=19620, stack(0x0000004c97500000,0x0000004c97600000) (1024K)]
  0x00000229fffc8170 WorkerThread "GC Thread#2"                     [id=8556, stack(0x0000004c97600000,0x0000004c97700000) (1024K)]
  0x00000229fffc85a0 WorkerThread "GC Thread#3"                     [id=20104, stack(0x0000004c97700000,0x0000004c97800000) (1024K)]
  0x00000229fffc89d0 WorkerThread "GC Thread#4"                     [id=21520, stack(0x0000004c97800000,0x0000004c97900000) (1024K)]
  0x00000229fff0b090 WorkerThread "GC Thread#5"                     [id=9032, stack(0x0000004c97900000,0x0000004c97a00000) (1024K)]
  0x00000229ffe132f0 WorkerThread "GC Thread#6"                     [id=13532, stack(0x0000004c97a00000,0x0000004c97b00000) (1024K)]
  0x00000229fff0b4c0 WorkerThread "GC Thread#7"                     [id=5084, stack(0x0000004c97b00000,0x0000004c97c00000) (1024K)]
  0x000002298837bef0 WorkerThread "GC Thread#8"                     [id=4268, stack(0x0000004c97c00000,0x0000004c97d00000) (1024K)]
  0x00000229ffe5c490 WorkerThread "GC Thread#9"                     [id=22304, stack(0x0000004c97d00000,0x0000004c97e00000) (1024K)]
  0x00000229f76d3fd0 ConcurrentGCThread "G1 Main Marker"            terminated
  0x00000229f76d4b70 WorkerThread "G1 Conc#0"                       [id=13124, stack(0x0000004c95b00000,0x0000004c95c00000) (1024K)]
  0x00000229ffe5a660 WorkerThread "G1 Conc#1"                       [id=6672, stack(0x0000004c98100000,0x0000004c98200000) (1024K)]
  0x00000229ffe5aab0 WorkerThread "G1 Conc#2"                       [id=8644, stack(0x0000004c98200000,0x0000004c98300000) (1024K)]
  0x00000229f772ad40 ConcurrentGCThread "G1 Refine#0"               terminated
  0x00000229f772d960 ConcurrentGCThread "G1 Service"                terminated
Total: 17

Threads with active compile tasks:
C2 CompilerThread0  19982 5308       4       jdk.internal.classfile.impl.AbstractPoolEntry$AbstractRefsEntry::<init> (37 bytes)
Total: 1

VM state: at safepoint (shutting down)

VM Mutex/Monitor currently owned by a thread:  ([mutex/lock_event])
[0x00007ffb530194e8] Threads_lock - owner thread: 0x00000229f786f450
[0x00007ffb53019668] Heap_lock - owner thread: 0x000002298834d6a0

Heap address: 0x0000000606000000, size: 8096 MB, Compressed Oops mode: Zero based, Oop shift amount: 3

CDS archive(s) mapped at: [0x000000003c000000-0x000000003cdd0000-0x000000003cdd0000), size 14483456, SharedBaseAddress: 0x000000003c000000, ArchiveRelocationMode: 1.
Compressed class space mapped at: 0x000000003d000000-0x000000007d000000, reserved size: 1073741824
UseCompressedClassPointers 1, UseCompactObjectHeaders 0
Narrow klass pointer bits 32, Max shift 3
Narrow klass base: 0x000000003c000000, Narrow klass shift: 0
Encoding Range: [0x000000003c000000 - 0x000000013c000000), (4294967296 bytes)
Klass Range:    [0x000000003c010000 - 0x000000007d000000), (1090453504 bytes)
Klass ID Range:  [65536 - 1090519033) (1090453497)
Protection zone: [0x000000003c000000 - 0x000000003c010000), (65536 bytes)

GC Precious Log:
 CardTable entry size: 512
 Card Set container configuration: InlinePtr #cards 4 size 8 Array Of Cards #cards 32 size 80 Howl #buckets 8 coarsen threshold 7372 Howl Bitmap #cards 1024 size 144 coarsen threshold 921 Card regions per heap region 1 cards per card region 8192
 CPUs: 12 total, 12 available
 Memory: 32373M
 Large Page Support: Disabled
 NUMA Support: Disabled
 Compressed Oops: Enabled (Zero based)
 Heap Region Size: 4M
 Heap Min Capacity: 8M
 Heap Initial Capacity: 508M
 Heap Max Capacity: 8096M
 Pre-touch: Disabled
 Parallel Workers: 10
 Concurrent Workers: 3
 Concurrent Refinement Workers: 10
 Periodic GC: Disabled

Heap:
 garbage-first heap   total reserved 8290304K, committed 73728K, used 17002K [0x0000000606000000, 0x0000000800000000)
  region size 4096K, 3 young (12288K), 2 survivors (8192K)

Heap Regions: E=young(eden), S=young(survivor), O=old, HS=humongous(starts), HC=humongous(continues), CS=collection set, F=free, TAMS=top-at-mark-start, PB=parsable bottom
|   0|0x0000000606000000, 0x0000000606400000, 0x0000000606400000|100%| O|  |TAMS 0x0000000606000000| PB 0x0000000606000000| Untracked |  0
|   1|0x0000000606400000, 0x0000000606800000, 0x0000000606800000|100%| O|  |TAMS 0x0000000606400000| PB 0x0000000606400000| Untracked |  0
|   2|0x0000000606800000, 0x0000000606ad1018, 0x0000000606c00000| 70%| O|  |TAMS 0x0000000606800000| PB 0x0000000606800000| Untracked |  0
|   3|0x0000000606c00000, 0x0000000606c00000, 0x0000000607000000|  0%| F|  |TAMS 0x0000000606c00000| PB 0x0000000606c00000| Untracked |  0
|   4|0x0000000607000000, 0x0000000607000000, 0x0000000607400000|  0%| F|  |TAMS 0x0000000607000000| PB 0x0000000607000000| Untracked |  0
|   5|0x0000000607400000, 0x00000006075c98e8, 0x0000000607800000| 44%| S|CS|TAMS 0x0000000607400000| PB 0x0000000607400000| Complete |  0
|   6|0x0000000607800000, 0x0000000607c00000, 0x0000000607c00000|100%| S|CS|TAMS 0x0000000607800000| PB 0x0000000607800000| Complete |  0
|   7|0x0000000607c00000, 0x0000000607c00000, 0x0000000608000000|  0%| F|  |TAMS 0x0000000607c00000| PB 0x0000000607c00000| Untracked |  0
|   8|0x0000000608000000, 0x0000000608000000, 0x0000000608400000|  0%| F|  |TAMS 0x0000000608000000| PB 0x0000000608000000| Untracked |  0
|   9|0x0000000608400000, 0x0000000608400000, 0x0000000608800000|  0%| F|  |TAMS 0x0000000608400000| PB 0x0000000608400000| Untracked |  0
|  10|0x0000000608800000, 0x0000000608800000, 0x0000000608c00000|  0%| F|  |TAMS 0x0000000608800000| PB 0x0000000608800000| Untracked |  0
|  11|0x0000000608c00000, 0x0000000608c00000, 0x0000000609000000|  0%| F|  |TAMS 0x0000000608c00000| PB 0x0000000608c00000| Untracked |  0
|  12|0x0000000609000000, 0x0000000609000000, 0x0000000609400000|  0%| F|  |TAMS 0x0000000609000000| PB 0x0000000609000000| Untracked |  0
| 110|0x0000000621800000, 0x0000000621800000, 0x0000000621c00000|  0%| F|  |TAMS 0x0000000621800000| PB 0x0000000621800000| Untracked |  0
| 111|0x0000000621c00000, 0x0000000621c00000, 0x0000000622000000|  0%| F|  |TAMS 0x0000000621c00000| PB 0x0000000621c00000| Untracked |  0
| 112|0x0000000622000000, 0x0000000622000000, 0x0000000622400000|  0%| F|  |TAMS 0x0000000622000000| PB 0x0000000622000000| Untracked |  0
| 126|0x0000000625800000, 0x0000000625800000, 0x0000000625c00000|  0%| F|  |TAMS 0x0000000625800000| PB 0x0000000625800000| Untracked |  0
|2023|0x00000007ffc00000, 0x00000007ffe93518, 0x0000000800000000| 64%| E|  |TAMS 0x00000007ffc00000| PB 0x00000007ffc00000| Complete |  0

Card table byte_map: [0x00000229ee7f0000,0x00000229ef7c0000] _byte_map_base: 0x00000229eb7c0000

Marking Bits: (CMBitMap*) 0x00000229d59c6c00
 Bits: [0x00000229ef7c0000, 0x00000229f7640000)

Polling page: 0x00000229d3750000

Metaspace:
Metaspace        used 27283K, committed 27520K, reserved 1114112K
 class space     used 3354K, committed 3456K, reserved 1048576K

Usage:
  Non-class:     23.37 MB used.
      Class:      3.28 MB used.
       Both:     26.64 MB used.

Virtual space:
  Non-class space:       64.00 MB reserved,      23.50 MB ( 37%) committed,  1 nodes.
      Class space:        1.00 GB reserved,       3.38 MB ( <1%) committed,  1 nodes.
             Both:        1.06 GB reserved,      26.88 MB (  2%) committed. 

Chunk freelists:
   Non-Class:  7.97 MB
       Class:  12.52 MB
        Both:  20.48 MB

MaxMetaspaceSize: unlimited
CompressedClassSpaceSize: 1.00 GB
Initial GC threshold: 21.00 MB
Current GC threshold: 35.25 MB
CDS: on
 - commit_granule_bytes: 65536.
 - commit_granule_words: 8192.
 - virtual_space_node_default_size: 8388608.
 - enlarge_chunks_in_place: 1.
UseCompressedClassPointers 1, UseCompactObjectHeaders 0
Narrow klass pointer bits 32, Max shift 3
Narrow klass base: 0x000000003c000000, Narrow klass shift: 0
Encoding Range: [0x000000003c000000 - 0x000000013c000000), (4294967296 bytes)
Klass Range:    [0x000000003c010000 - 0x000000007d000000), (1090453504 bytes)
Klass ID Range:  [65536 - 1090519033) (1090453497)
Protection zone: [0x000000003c000000 - 0x000000003c010000), (65536 bytes)


Internal statistics:

num_allocs_failed_limit: 3.
num_arena_births: 206.
num_arena_deaths: 0.
num_vsnodes_births: 2.
num_vsnodes_deaths: 0.
num_space_committed: 430.
num_space_uncommitted: 0.
num_chunks_returned_to_freelist: 3.
num_chunks_taken_from_freelist: 908.
num_chunk_merges: 3.
num_chunk_splits: 664.
num_chunks_enlarged: 547.
num_inconsistent_stats: 0.

CodeHeap 'non-profiled nmethods': size=120064Kb used=1638Kb max_used=1638Kb free=118425Kb
 bounds [0x00000229e5c60000, 0x00000229e5ed0000, 0x00000229ed1a0000]
CodeHeap 'profiled nmethods': size=120000Kb used=8692Kb max_used=8692Kb free=111308Kb
 bounds [0x00000229de1a0000, 0x00000229dea20000, 0x00000229e56d0000]
CodeHeap 'non-nmethods': size=5696Kb used=2070Kb max_used=2094Kb free=3625Kb
 bounds [0x00000229e56d0000, 0x00000229e5940000, 0x00000229e5c60000]
CodeCache: size=245760Kb, used=12400Kb, max_used=12424Kb, free=233358Kb
 total_blobs=6256, nmethods=5305, adapters=854, full_count=0
Compilation: enabled, stopped_count=0, restarted_count=0

Compilation events (20 events):
Event: 11.347 Thread 0x00000229f78a9660 nmethod 5298 0x00000229dea19808 code [0x00000229dea19900, 0x00000229dea19dc0]
Event: 11.362 Thread 0x00000229f78a9660 5299       3       javafx.scene.Parent::computeViewOrderChildren (93 bytes)
Event: 11.363 Thread 0x00000229f78a9660 nmethod 5299 0x00000229dea19e08 code [0x00000229dea19f20, 0x00000229dea1ab60]
Event: 11.370 Thread 0x00000229f78a9660 5300       3       com.sun.javafx.collections.VetoableListDecorator::iterator (27 bytes)
Event: 11.370 Thread 0x00000229f78a9660 nmethod 5300 0x00000229dea1ab88 code [0x00000229dea1ac80, 0x00000229dea1b098]
Event: 11.370 Thread 0x00000229f78a9660 5301       3       com.sun.javafx.collections.VetoableListDecorator$ModCountAccessorImpl::<init> (10 bytes)
Event: 11.371 Thread 0x00000229f78a9660 nmethod 5301 0x00000229dea1b108 code [0x00000229dea1b200, 0x00000229dea1b3c8]
Event: 11.371 Thread 0x00000229f78a9660 5302       3       com.sun.javafx.collections.VetoableListDecorator$VetoableIteratorDecorator::<init> (36 bytes)
Event: 11.371 Thread 0x00000229f78a9660 nmethod 5302 0x00000229dea1b408 code [0x00000229dea1b500, 0x00000229dea1b850]
Event: 11.386 Thread 0x00000229f78a9660 5303       3       java.util.ArrayDeque::removeFirst (19 bytes)
Event: 11.386 Thread 0x00000229f78a9660 nmethod 5303 0x00000229dea1b888 code [0x00000229dea1b980, 0x00000229dea1bc38]
Event: 11.386 Thread 0x00000229f78a9660 5305       3       com.sun.javafx.css.BitSet::remove (171 bytes)
Event: 11.387 Thread 0x00000229f78a9660 nmethod 5305 0x00000229dea1bc88 code [0x00000229dea1bd80, 0x00000229dea1c5e0]
Event: 11.387 Thread 0x00000229f78a9660 5304       3       com.sun.javafx.css.PseudoClassState::remove (6 bytes)
Event: 11.387 Thread 0x00000229f78a9660 nmethod 5304 0x00000229dea1c608 code [0x00000229dea1c700, 0x00000229dea1c840]
Event: 19.478 Thread 0x00000229f78a9660 5306       3       jdk.internal.misc.Unsafe::getAndAddLong (27 bytes)
Event: 19.478 Thread 0x00000229f78a9660 nmethod 5306 0x00000229dea1c908 code [0x00000229dea1ca00, 0x00000229dea1cca8]
Event: 19.478 Thread 0x00000229f78a9660 5307       3       jdk.internal.misc.Unsafe::weakCompareAndSetLong (11 bytes)
Event: 19.478 Thread 0x00000229f78a9660 nmethod 5307 0x00000229dea1cd08 code [0x00000229dea1ce00, 0x00000229dea1cf28]
Event: 19.479 Thread 0x00000229f78a4d30 5308       4       jdk.internal.classfile.impl.AbstractPoolEntry$AbstractRefsEntry::<init> (37 bytes)

GC Heap Usage History (8 events):
Event: 0.517 {heap Before GC invocations=0 (full 0):
 garbage-first heap   total reserved 8290304K, committed 524288K, used 50325K [0x0000000606000000, 0x0000000800000000)
  region size 4096K, 12 young (49152K), 0 survivors (0K)
}
Event: 0.519 {heap After GC invocations=1 (full 0):
 garbage-first heap   total reserved 8290304K, committed 524288K, used 6101K [0x0000000606000000, 0x0000000800000000)
  region size 4096K, 2 young (8192K), 2 survivors (8192K)
}
Event: 3.479 {heap Before GC invocations=1 (full 0):
 garbage-first heap   total reserved 8290304K, committed 524288K, used 51157K [0x0000000606000000, 0x0000000800000000)
  region size 4096K, 14 young (57344K), 2 survivors (8192K)
}
Event: 3.482 {heap After GC invocations=2 (full 0):
 garbage-first heap   total reserved 8290304K, committed 524288K, used 11869K [0x0000000606000000, 0x0000000800000000)
  region size 4096K, 3 young (12288K), 3 survivors (12288K)
}
Event: 3.819 {heap Before GC invocations=3 (full 0):
 garbage-first heap   total reserved 8290304K, committed 57344K, used 52829K [0x0000000606000000, 0x0000000800000000)
  region size 4096K, 13 young (53248K), 3 survivors (12288K)
}
Event: 3.823 {heap After GC invocations=4 (full 0):
 garbage-first heap   total reserved 8290304K, committed 73728K, used 15221K [0x0000000606000000, 0x0000000800000000)
  region size 4096K, 4 young (16384K), 4 survivors (16384K)
}
Event: 19.473 {heap Before GC invocations=4 (full 0):
 garbage-first heap   total reserved 8290304K, committed 73728K, used 39797K [0x0000000606000000, 0x0000000800000000)
  region size 4096K, 10 young (40960K), 4 survivors (16384K)
}
Event: 19.478 {heap After GC invocations=5 (full 0):
 garbage-first heap   total reserved 8290304K, committed 73728K, used 17002K [0x0000000606000000, 0x0000000800000000)
  region size 4096K, 2 young (8192K), 2 survivors (8192K)
}

Metaspace Usage History (8 events):
Event: 0.517 {metaspace Before GC invocations=0 (full 0):
 Metaspace       used 8961K, committed 9152K, reserved 1114112K
  class space    used 1089K, committed 1152K, reserved 1048576K
}
Event: 0.519 {metaspace After GC invocations=1 (full 0):
 Metaspace       used 8961K, committed 9152K, reserved 1114112K
  class space    used 1089K, committed 1152K, reserved 1048576K
}
Event: 3.479 {metaspace Before GC invocations=1 (full 0):
 Metaspace       used 21308K, committed 21504K, reserved 1114112K
  class space    used 2446K, committed 2560K, reserved 1048576K
}
Event: 3.482 {metaspace After GC invocations=2 (full 0):
 Metaspace       used 21308K, committed 21504K, reserved 1114112K
  class space    used 2446K, committed 2560K, reserved 1048576K
}
Event: 3.819 {metaspace Before GC invocations=3 (full 0):
 Metaspace       used 25443K, committed 25600K, reserved 1114112K
  class space    used 3192K, committed 3264K, reserved 1048576K
}
Event: 3.823 {metaspace After GC invocations=4 (full 0):
 Metaspace       used 25443K, committed 25600K, reserved 1114112K
  class space    used 3192K, committed 3264K, reserved 1048576K
}
Event: 19.473 {metaspace Before GC invocations=4 (full 0):
 Metaspace       used 27273K, committed 27520K, reserved 1114112K
  class space    used 3353K, committed 3456K, reserved 1048576K
}
Event: 19.478 {metaspace After GC invocations=5 (full 0):
 Metaspace       used 27273K, committed 27520K, reserved 1114112K
  class space    used 3353K, committed 3456K, reserved 1048576K
}

Dll operation events (20 events):
Event: 0.161 Loaded shared library C:\Users\User\.openjfx\cache\21.0.6+3\amd64\api-ms-win-crt-multibyte-l1-1-0.dll
Event: 0.163 Loaded shared library C:\Users\User\.openjfx\cache\21.0.6+3\amd64\api-ms-win-crt-private-l1-1-0.dll
Event: 0.164 Loaded shared library C:\Users\User\.openjfx\cache\21.0.6+3\amd64\api-ms-win-crt-process-l1-1-0.dll
Event: 0.165 Loaded shared library C:\Users\User\.openjfx\cache\21.0.6+3\amd64\api-ms-win-crt-runtime-l1-1-0.dll
Event: 0.166 Loaded shared library C:\Users\User\.openjfx\cache\21.0.6+3\amd64\api-ms-win-crt-stdio-l1-1-0.dll
Event: 0.167 Loaded shared library C:\Users\User\.openjfx\cache\21.0.6+3\amd64\api-ms-win-crt-string-l1-1-0.dll
Event: 0.168 Loaded shared library C:\Users\User\.openjfx\cache\21.0.6+3\amd64\api-ms-win-crt-time-l1-1-0.dll
Event: 0.169 Loaded shared library C:\Users\User\.openjfx\cache\21.0.6+3\amd64\api-ms-win-crt-utility-l1-1-0.dll
Event: 0.177 Loaded shared library C:\Users\User\.openjfx\cache\21.0.6+3\amd64\ucrtbase.dll
Event: 0.178 Loaded shared library C:\Users\User\.openjfx\cache\21.0.6+3\amd64\vcruntime140.dll
Event: 0.179 Loaded shared library C:\Users\User\.openjfx\cache\21.0.6+3\amd64\vcruntime140_1.dll
Event: 0.183 Loaded shared library C:\Users\User\.openjfx\cache\21.0.6+3\amd64\msvcp140.dll
Event: 0.184 Loaded shared library C:\Users\User\.openjfx\cache\21.0.6+3\amd64\msvcp140_1.dll
Event: 0.186 Loaded shared library C:\Users\User\.openjfx\cache\21.0.6+3\amd64\msvcp140_2.dll
Event: 0.202 Loaded shared library C:\Users\User\.openjfx\cache\21.0.6+3\amd64\prism_d3d.dll
Event: 0.286 Loaded shared library C:\Users\User\.openjfx\cache\21.0.6+3\amd64\glass.dll
Event: 0.394 Loaded shared library C:\Program Files\Java\jdk-25\bin\jimage.dll
Event: 0.423 Loaded shared library C:\Users\User\.openjfx\cache\21.0.6+3\amd64\javafx_font.dll
Event: 0.612 Loaded shared library C:\Program Files\Java\jdk-25\bin\sunmscapi.dll
Event: 1.075 Loaded shared library C:\Users\User\.openjfx\cache\21.0.6+3\amd64\javafx_iio.dll

Deoptimization events (20 events):
Event: 6.256 Thread 0x00000229faad8ee0 Uncommon trap: trap_request=0xffffffde fr.pc=0x00000229e5ddca80 relative=0x0000000000000100
Event: 6.256 Thread 0x00000229faad8ee0 Uncommon trap: reason=class_check action=maybe_recompile pc=0x00000229e5ddca80 method=javafx.scene.Scene.getWindow()Ljavafx/stage/Window; @ 18 c2
Event: 6.256 Thread 0x00000229faad8ee0 DEOPT PACKING pc=0x00000229e5ddca80 sp=0x0000004c970fc320
Event: 6.256 Thread 0x00000229faad8ee0 DEOPT UNPACKING pc=0x00000229e57ff982 sp=0x0000004c970fc250 mode 2
Event: 6.267 Thread 0x00000229faad8ee0 Uncommon trap: trap_request=0xffffff45 fr.pc=0x00000229e5dc8e94 relative=0x0000000000000694
Event: 6.267 Thread 0x00000229faad8ee0 Uncommon trap: reason=unstable_if action=reinterpret pc=0x00000229e5dc8e94 method=javafx.scene.Node.updateBounds()V @ 27 c2
Event: 6.267 Thread 0x00000229faad8ee0 DEOPT PACKING pc=0x00000229e5dc8e94 sp=0x0000004c970fc2e0
Event: 6.267 Thread 0x00000229faad8ee0 DEOPT UNPACKING pc=0x00000229e57ff982 sp=0x0000004c970fc210 mode 2
Event: 6.268 Thread 0x00000229facc7940 Uncommon trap: trap_request=0xffffffde fr.pc=0x00000229e5de348c relative=0x000000000000080c
Event: 6.268 Thread 0x00000229facc7940 Uncommon trap: reason=class_check action=maybe_recompile pc=0x00000229e5de348c method=com.sun.javafx.font.CompositeStrike.getStrikeSlot(I)Lcom/sun/javafx/font/FontStrike; @ 16 c2
Event: 6.268 Thread 0x00000229facc7940 DEOPT PACKING pc=0x00000229e5de348c sp=0x0000004c96dfe060
Event: 6.268 Thread 0x00000229facc7940 DEOPT UNPACKING pc=0x00000229e57ff982 sp=0x0000004c96dfe020 mode 2
Event: 6.269 Thread 0x00000229facc7940 Uncommon trap: trap_request=0xffffffd6 fr.pc=0x00000229e5de3554 relative=0x00000000000008d4
Event: 6.269 Thread 0x00000229facc7940 Uncommon trap: reason=array_check action=maybe_recompile pc=0x00000229e5de3554 method=com.sun.javafx.font.CompositeStrike.getStrikeSlot(I)Lcom/sun/javafx/font/FontStrike; @ 155 c2
Event: 6.269 Thread 0x00000229facc7940 DEOPT PACKING pc=0x00000229e5de3554 sp=0x0000004c96dfd630
Event: 6.269 Thread 0x00000229facc7940 DEOPT UNPACKING pc=0x00000229e57ff982 sp=0x0000004c96dfd5f8 mode 2
Event: 6.270 Thread 0x00000229facc7940 Uncommon trap: trap_request=0xffffffde fr.pc=0x00000229e5de348c relative=0x000000000000080c
Event: 6.270 Thread 0x00000229facc7940 Uncommon trap: reason=class_check action=maybe_recompile pc=0x00000229e5de348c method=com.sun.javafx.font.CompositeStrike.getStrikeSlot(I)Lcom/sun/javafx/font/FontStrike; @ 16 c2
Event: 6.270 Thread 0x00000229facc7940 DEOPT PACKING pc=0x00000229e5de348c sp=0x0000004c96dfdc20
Event: 6.270 Thread 0x00000229facc7940 DEOPT UNPACKING pc=0x00000229e57ff982 sp=0x0000004c96dfdbe0 mode 2

Classes loaded (20 events):
Event: 3.818 Loading class java/util/stream/WhileOps$DropWhileOp done
Event: 3.818 Loading class java/util/stream/WhileOps$1Op done
Event: 3.818 Loading class java/util/stream/SliceOps
Event: 3.818 Loading class java/util/stream/SliceOps done
Event: 3.818 Loading class java/util/stream/SliceOps$1
Event: 3.818 Loading class java/util/stream/SliceOps$1 done
Event: 3.818 Loading class java/util/stream/SliceOps$1$1
Event: 3.818 Loading class java/util/stream/SliceOps$1$1 done
Event: 3.818 Loading class java/util/stream/WhileOps$1Op$1OpSink
Event: 3.818 Loading class java/util/stream/WhileOps$DropWhileSink
Event: 3.818 Loading class java/util/stream/WhileOps$DropWhileSink done
Event: 3.818 Loading class java/util/stream/WhileOps$1Op$1OpSink done
Event: 3.834 Loading class java/lang/FdLibm$Atan2
Event: 3.834 Loading class java/lang/FdLibm$Atan2 done
Event: 3.839 Loading class java/lang/FdLibm$Acos
Event: 3.839 Loading class java/lang/FdLibm$Acos done
Event: 11.515 Loading class java/net/SocketTimeoutException
Event: 11.515 Loading class java/net/SocketTimeoutException done
Event: 19.473 Loading class jdk/internal/misc/Signal$1
Event: 19.478 Loading class jdk/internal/misc/Signal$1 done

Classes unloaded (0 events):
No events

Classes redefined (0 events):
No events

Internal exceptions (20 events):
Event: 3.501 Thread 0x00000229faad8ee0 Exception <a 'java/lang/ClassNotFoundException'{0x000000060815d2b0}: com/sun/javafx/scene/control/skin/resources/controls_ru_RU> (0x000000060815d2b0) 
thrown [s\open\src\hotspot\share\prims\jni.cpp, line 534]
Event: 3.570 Thread 0x00000229faad8ee0 Exception <a 'java/lang/NoSuchMethodError'{0x00000006077f45d0}: 'java.lang.Object java.lang.invoke.DirectMethodHandle$Holder.invokeStatic(java.lang.Object, java.lang.Object, java.lang.Object, java.lang.Object, int)'> (0x00000006077f45d0) 
thrown [s\open\src\hotspot\share\interpreter\linkResolver.cpp, line 804]
Event: 3.608 Thread 0x00000229faad8ee0 Exception <a 'java/io/FileNotFoundException'{0x0000000606d43e38}> (0x0000000606d43e38) 
thrown [s\open\src\hotspot\share\prims\jni.cpp, line 516]
Event: 3.608 Thread 0x00000229faad8ee0 Exception <a 'java/io/FileNotFoundException'{0x0000000606d45ac8}> (0x0000000606d45ac8) 
thrown [s\open\src\hotspot\share\prims\jni.cpp, line 516]
Event: 3.609 Thread 0x00000229faad8ee0 Exception <a 'java/io/FileNotFoundException'{0x0000000606d4bda0}> (0x0000000606d4bda0) 
thrown [s\open\src\hotspot\share\prims\jni.cpp, line 516]
Event: 3.609 Thread 0x00000229faad8ee0 Exception <a 'java/io/FileNotFoundException'{0x0000000606d4d4c0}> (0x0000000606d4d4c0) 
thrown [s\open\src\hotspot\share\prims\jni.cpp, line 516]
Event: 3.614 Thread 0x00000229faad8ee0 Exception <a 'java/io/FileNotFoundException'{0x0000000606e63060}> (0x0000000606e63060) 
thrown [s\open\src\hotspot\share\prims\jni.cpp, line 516]
Event: 3.614 Thread 0x00000229faad8ee0 Exception <a 'java/io/FileNotFoundException'{0x0000000606e64230}> (0x0000000606e64230) 
thrown [s\open\src\hotspot\share\prims\jni.cpp, line 516]
Event: 3.614 Thread 0x00000229faad8ee0 Exception <a 'java/io/FileNotFoundException'{0x0000000606e65418}> (0x0000000606e65418) 
thrown [s\open\src\hotspot\share\prims\jni.cpp, line 516]
Event: 3.614 Thread 0x00000229faad8ee0 Exception <a 'java/io/FileNotFoundException'{0x0000000606e665d8}> (0x0000000606e665d8) 
thrown [s\open\src\hotspot\share\prims\jni.cpp, line 516]
Event: 3.626 Thread 0x00000229faad8ee0 Exception <a 'java/lang/NoSuchMethodError'{0x0000000606ee4670}: 'java.lang.Object java.lang.invoke.DirectMethodHandle$Holder.newInvokeSpecial(java.lang.Object, java.lang.Object, int)'> (0x0000000606ee4670) 
thrown [s\open\src\hotspot\share\interpreter\linkResolver.cpp, line 804]
Event: 3.644 Thread 0x00000229faad8ee0 Exception <a 'java/lang/NoSuchMethodError'{0x0000000606f187e8}: 'long java.lang.invoke.DirectMethodHandle$Holder.invokeStaticInit(java.lang.Object, java.lang.Object, java.lang.Object)'> (0x0000000606f187e8) 
thrown [s\open\src\hotspot\share\interpreter\linkResolver.cpp, line 804]
Event: 3.645 Thread 0x00000229faad8ee0 Exception <a 'java/lang/NoSuchMethodError'{0x0000000606f632e8}: 'java.lang.Object java.lang.invoke.DirectMethodHandle$Holder.newInvokeSpecial(java.lang.Object, java.lang.Object, long)'> (0x0000000606f632e8) 
thrown [s\open\src\hotspot\share\interpreter\linkResolver.cpp, line 804]
Event: 3.645 Thread 0x00000229faad8ee0 Exception <a 'java/lang/NoSuchMethodError'{0x0000000606f6bf38}: 'java.lang.Object java.lang.invoke.Invokers$Holder.linkToTargetMethod(java.lang.Object, long, java.lang.Object)'> (0x0000000606f6bf38) 
thrown [s\open\src\hotspot\share\interpreter\linkResolver.cpp, line 804]
Event: 3.796 Thread 0x00000229facc7940 Exception <a 'java/lang/NoSuchMethodError'{0x00000006066ff450}: 'int java.lang.invoke.DirectMethodHandle$Holder.invokeStaticInit(java.lang.Object, java.lang.Object)'> (0x00000006066ff450) 
thrown [s\open\src\hotspot\share\interpreter\linkResolver.cpp, line 804]
Event: 3.848 Thread 0x00000229facc7940 Exception <a 'java/lang/NoSuchMethodError'{0x00000006220cec30}: 'java.lang.Object java.lang.invoke.DirectMethodHandle$Holder.invokeStaticInit(java.lang.Object, int)'> (0x00000006220cec30) 
thrown [s\open\src\hotspot\share\interpreter\linkResolver.cpp, line 804]
Event: 4.547 Thread 0x00000229faad8ee0 Exception <a 'java/lang/NoSuchMethodError'{0x0000000622295de0}: 'java.lang.Object java.lang.invoke.DirectMethodHandle$Holder.newInvokeSpecial(java.lang.Object, java.lang.Object, java.lang.Object, double, double, double, double, int, int, int, int, int, int, int, int, int)'> (0x0000000622295de0) 
thrown [s\open\src\hotspot\share\interpreter\linkResolver.cpp, line 804]
Event: 6.241 Thread 0x00000229faad8ee0 Implicit null exception at 0x00000229e5d7cc2e to 0x00000229e5d7ccb4
Event: 8.337 Thread 0x00000229faad8ee0 Exception <a 'java/lang/NoSuchMethodError'{0x0000000607d902a8}: 'java.lang.Object java.lang.invoke.DirectMethodHandle$Holder.newInvokeSpecial(java.lang.Object, java.lang.Object, java.lang.Object, double)'> (0x0000000607d902a8) 
thrown [s\open\src\hotspot\share\interpreter\linkResolver.cpp, line 804]
Event: 8.338 Thread 0x00000229faad8ee0 Exception <a 'java/lang/NoSuchMethodError'{0x0000000607d990f0}: 'java.lang.Object java.lang.invoke.Invokers$Holder.linkToTargetMethod(java.lang.Object, java.lang.Object, double, java.lang.Object)'> (0x0000000607d990f0) 
thrown [s\open\src\hotspot\share\interpreter\linkResolver.cpp, line 804]

VM Operations (20 events):
Event: 0.843 Executing non-safepoint VM operation: HandshakeAllThreads (Deoptimize) done
Event: 1.055 Executing non-safepoint VM operation: HandshakeAllThreads (Deoptimize)
Event: 1.055 Executing non-safepoint VM operation: HandshakeAllThreads (Deoptimize) done
Event: 1.512 Executing non-safepoint VM operation: HandshakeAllThreads (Deoptimize)
Event: 1.512 Executing non-safepoint VM operation: HandshakeAllThreads (Deoptimize) done
Event: 1.526 Executing non-safepoint VM operation: HandshakeAllThreads (Deoptimize)
Event: 1.526 Executing non-safepoint VM operation: HandshakeAllThreads (Deoptimize) done
Event: 3.418 Executing non-safepoint VM operation: HandshakeAllThreads (Deoptimize)
Event: 3.418 Executing non-safepoint VM operation: HandshakeAllThreads (Deoptimize) done
Event: 3.479 Executing safepoint VM operation: CollectForMetadataAllocation (Metadata GC Threshold)
Event: 3.482 Executing safepoint VM operation: CollectForMetadataAllocation (Metadata GC Threshold) done
Event: 3.484 Executing safepoint VM operation: G1PauseRemark
Event: 3.485 Executing safepoint VM operation: G1PauseRemark done
Event: 3.485 Executing safepoint VM operation: G1PauseCleanup
Event: 3.485 Executing safepoint VM operation: G1PauseCleanup done
Event: 3.819 Executing safepoint VM operation: G1CollectForAllocation (G1 Evacuation Pause)
Event: 3.823 Executing safepoint VM operation: G1CollectForAllocation (G1 Evacuation Pause) done
Event: 19.473 Executing safepoint VM operation: G1CollectForAllocation (G1 Evacuation Pause)
Event: 19.478 Executing safepoint VM operation: G1CollectForAllocation (G1 Evacuation Pause) done
Event: 19.479 Executing safepoint VM operation: Exit

Memory protections (0 events):
No events

Nmethod flushes (0 events):
No events

Events (20 events):
Event: 1.512 Thread 0x00000229faad8ee0 Thread added: 0x000002298834d6a0
Event: 2.110 Thread 0x00000229faad8ee0 Thread added: 0x000002298834bf30
Event: 2.111 Thread 0x000002298834bf30 Thread exited: 0x000002298834bf30
Event: 3.440 Thread 0x00000229f78a9660 Thread added: 0x00000229ff93a170
Event: 3.484 Thread 0x00000229faad8ee0 Thread added: 0x00000229f789e4e0
Event: 3.592 Thread 0x00000229f78a4d30 Thread added: 0x00000229ff936900
Event: 3.812 Thread 0x00000229facc7940 Thread added: 0x0000022988f130f0
Event: 4.032 Thread 0x00000229ff936900 Thread exited: 0x00000229ff936900
Event: 4.036 Thread 0x00000229ff93a170 Thread exited: 0x00000229ff93a170
Event: 4.597 Thread 0x00000229f78a9660 Thread added: 0x00000229ff93a170
Event: 4.754 Thread 0x00000229ff93a170 Thread exited: 0x00000229ff93a170
Event: 5.059 Thread 0x00000229f78a9660 Thread added: 0x00000229ff93a170
Event: 5.347 Thread 0x00000229ff93a170 Thread exited: 0x00000229ff93a170
Event: 16.516 Thread 0x000002298834d6a0 Thread exited: 0x000002298834d6a0
Event: 19.478 Thread 0x00000229f788e840 Thread added: 0x000002298834d6a0
Event: 19.478 Thread 0x000002298834d6a0 Thread added: 0x000002298834b760
Event: 19.478 Thread 0x000002298834d6a0 Thread added: 0x000002298834f5e0
Event: 19.478 Thread 0x000002298834b760 Thread exited: 0x000002298834b760
Event: 19.479 Thread 0x000002298834f5e0 Thread exited: 0x000002298834f5e0
Event: 19.479 Thread 0x000002298834d6a0 Before exit entered


Dynamic libraries:
0x00007ff671af0000 - 0x00007ff671b00000 	C:\Program Files\Java\jdk-25\bin\java.exe
0x00007ffbfd800000 - 0x00007ffbfda67000 	C:\WINDOWS\SYSTEM32\ntdll.dll
0x00007ffbfca50000 - 0x00007ffbfcb19000 	C:\WINDOWS\System32\KERNEL32.DLL
0x00007ffbfa660000 - 0x00007ffbfaa54000 	C:\WINDOWS\System32\KERNELBASE.dll
0x00007ffbfab10000 - 0x00007ffbfac5b000 	C:\WINDOWS\System32\ucrtbase.dll
0x00007ffbebd10000 - 0x00007ffbebd27000 	C:\Program Files\Java\jdk-25\bin\jli.dll
0x00007ffbebcf0000 - 0x00007ffbebd0e000 	C:\Program Files\Java\jdk-25\bin\VCRUNTIME140.dll
0x00007ffbfd320000 - 0x00007ffbfd4e5000 	C:\WINDOWS\System32\USER32.dll
0x00007ffbe1510000 - 0x00007ffbe17a3000 	C:\WINDOWS\WinSxS\amd64_microsoft.windows.common-controls_6595b64144ccf1df_6.0.26100.8115_none_3e075c82e3354f9c\COMCTL32.dll
0x00007ffbfa430000 - 0x00007ffbfa457000 	C:\WINDOWS\System32\win32u.dll
0x00007ffbfcc50000 - 0x00007ffbfccf9000 	C:\WINDOWS\System32\msvcrt.dll
0x00007ffbfb810000 - 0x00007ffbfb83b000 	C:\WINDOWS\System32\GDI32.dll
0x00007ffbfa0d0000 - 0x00007ffbfa1fb000 	C:\WINDOWS\System32\gdi32full.dll
0x00007ffbfaa60000 - 0x00007ffbfab03000 	C:\WINDOWS\System32\msvcp_win.dll
0x00007ffbfb780000 - 0x00007ffbfb7b2000 	C:\WINDOWS\System32\IMM32.DLL
0x00007ffbf2580000 - 0x00007ffbf258c000 	C:\Program Files\Java\jdk-25\bin\vcruntime140_1.dll
0x00007ffbdcc90000 - 0x00007ffbdcd1d000 	C:\Program Files\Java\jdk-25\bin\msvcp140.dll
0x00007ffb522a0000 - 0x00007ffb530ff000 	C:\Program Files\Java\jdk-25\bin\server\jvm.dll
0x00007ffbfbcd0000 - 0x00007ffbfbd86000 	C:\WINDOWS\System32\ADVAPI32.dll
0x00007ffbfd4f0000 - 0x00007ffbfd597000 	C:\WINDOWS\System32\sechost.dll
0x00007ffbfcb30000 - 0x00007ffbfcc48000 	C:\WINDOWS\System32\RPCRT4.dll
0x00007ffbfd6a0000 - 0x00007ffbfd720000 	C:\WINDOWS\System32\WS2_32.dll
0x00007ffbf9e80000 - 0x00007ffbf9ede000 	C:\WINDOWS\SYSTEM32\POWRPROF.dll
0x00007ffbf2d40000 - 0x00007ffbf2d4b000 	C:\WINDOWS\SYSTEM32\VERSION.dll
0x00007ffbe9f10000 - 0x00007ffbe9f46000 	C:\WINDOWS\SYSTEM32\WINMM.dll
0x00007ffbf9e60000 - 0x00007ffbf9e74000 	C:\WINDOWS\SYSTEM32\UMPDC.dll
0x00007ffbf8e20000 - 0x00007ffbf8e3b000 	C:\WINDOWS\SYSTEM32\kernel.appcore.dll
0x00007ffbec930000 - 0x00007ffbec93a000 	C:\Program Files\Java\jdk-25\bin\jimage.dll
0x00007ffbe8f40000 - 0x00007ffbe9182000 	C:\WINDOWS\SYSTEM32\DBGHELP.DLL
0x00007ffbfc6c0000 - 0x00007ffbfca42000 	C:\WINDOWS\System32\combase.dll
0x00007ffbfc500000 - 0x00007ffbfc5d8000 	C:\WINDOWS\System32\OLEAUT32.dll
0x00007ffbdcf10000 - 0x00007ffbdcf4b000 	C:\WINDOWS\SYSTEM32\dbgcore.DLL
0x00007ffbfa380000 - 0x00007ffbfa425000 	C:\WINDOWS\System32\bcryptPrimitives.dll
0x00007ffbec710000 - 0x00007ffbec720000 	C:\Program Files\Java\jdk-25\bin\instrument.dll
0x00007ffbe91a0000 - 0x00007ffbe91bf000 	C:\Program Files\Java\jdk-25\bin\java.dll
0x00007ffbfbb30000 - 0x00007ffbfbcc7000 	C:\WINDOWS\System32\ole32.dll
0x00007ffbfbd90000 - 0x00007ffbfc4f7000 	C:\WINDOWS\System32\SHELL32.dll
0x00007ffbfa460000 - 0x00007ffbfa5ca000 	C:\WINDOWS\System32\wintypes.dll
0x00007ffbfac60000 - 0x00007ffbfb4c8000 	C:\WINDOWS\System32\windows.storage.dll
0x00007ffbfd5a0000 - 0x00007ffbfd698000 	C:\WINDOWS\System32\SHCORE.dll
0x00007ffbfb6e0000 - 0x00007ffbfb746000 	C:\WINDOWS\System32\shlwapi.dll
0x00007ffbf9ff0000 - 0x00007ffbfa019000 	C:\WINDOWS\SYSTEM32\profapi.dll
0x00007ffbe2370000 - 0x00007ffbe2382000 	C:\Program Files\Java\jdk-25\bin\net.dll
0x00007ffbf9370000 - 0x00007ffbf93dc000 	C:\WINDOWS\system32\mswsock.dll
0x00007ffbe05d0000 - 0x00007ffbe05e6000 	C:\Program Files\Java\jdk-25\bin\nio.dll
0x00007ffbdeee0000 - 0x00007ffbdeef7000 	C:\Program Files\Java\jdk-25\bin\zip.dll
0x0000022980000000 - 0x0000022980003000 	C:\Users\User\.openjfx\cache\21.0.6+3\amd64\api-ms-win-core-console-l1-1-0.dll
0x0000022980340000 - 0x0000022980343000 	C:\Users\User\.openjfx\cache\21.0.6+3\amd64\api-ms-win-core-console-l1-2-0.dll
0x0000022980350000 - 0x0000022980353000 	C:\Users\User\.openjfx\cache\21.0.6+3\amd64\api-ms-win-core-datetime-l1-1-0.dll
0x0000022980010000 - 0x0000022980013000 	C:\Users\User\.openjfx\cache\21.0.6+3\amd64\api-ms-win-core-debug-l1-1-0.dll
0x0000022980020000 - 0x0000022980023000 	C:\Users\User\.openjfx\cache\21.0.6+3\amd64\api-ms-win-core-errorhandling-l1-1-0.dll
0x0000022980030000 - 0x0000022980034000 	C:\Users\User\.openjfx\cache\21.0.6+3\amd64\api-ms-win-core-file-l1-1-0.dll
0x0000022980040000 - 0x0000022980043000 	C:\Users\User\.openjfx\cache\21.0.6+3\amd64\api-ms-win-core-file-l1-2-0.dll
0x0000022980050000 - 0x0000022980053000 	C:\Users\User\.openjfx\cache\21.0.6+3\amd64\api-ms-win-core-file-l2-1-0.dll
0x0000022980060000 - 0x0000022980063000 	C:\Users\User\.openjfx\cache\21.0.6+3\amd64\api-ms-win-core-handle-l1-1-0.dll
0x0000022980070000 - 0x0000022980073000 	C:\Users\User\.openjfx\cache\21.0.6+3\amd64\api-ms-win-core-heap-l1-1-0.dll
0x0000022980080000 - 0x0000022980083000 	C:\Users\User\.openjfx\cache\21.0.6+3\amd64\api-ms-win-core-interlocked-l1-1-0.dll
0x0000022980090000 - 0x0000022980093000 	C:\Users\User\.openjfx\cache\21.0.6+3\amd64\api-ms-win-core-libraryloader-l1-1-0.dll
0x00000229801c0000 - 0x00000229801c3000 	C:\Users\User\.openjfx\cache\21.0.6+3\amd64\api-ms-win-core-localization-l1-2-0.dll
0x00000229801d0000 - 0x00000229801d3000 	C:\Users\User\.openjfx\cache\21.0.6+3\amd64\api-ms-win-core-memory-l1-1-0.dll
0x00000229801e0000 - 0x00000229801e3000 	C:\Users\User\.openjfx\cache\21.0.6+3\amd64\api-ms-win-core-namedpipe-l1-1-0.dll
0x00000229801f0000 - 0x00000229801f3000 	C:\Users\User\.openjfx\cache\21.0.6+3\amd64\api-ms-win-core-processenvironment-l1-1-0.dll
0x0000022980200000 - 0x0000022980203000 	C:\Users\User\.openjfx\cache\21.0.6+3\amd64\api-ms-win-core-processthreads-l1-1-0.dll
0x0000022980210000 - 0x0000022980213000 	C:\Users\User\.openjfx\cache\21.0.6+3\amd64\api-ms-win-core-processthreads-l1-1-1.dll
0x0000022980220000 - 0x0000022980223000 	C:\Users\User\.openjfx\cache\21.0.6+3\amd64\api-ms-win-core-profile-l1-1-0.dll
0x0000022980230000 - 0x0000022980233000 	C:\Users\User\.openjfx\cache\21.0.6+3\amd64\api-ms-win-core-rtlsupport-l1-1-0.dll
0x0000022980240000 - 0x0000022980243000 	C:\Users\User\.openjfx\cache\21.0.6+3\amd64\api-ms-win-core-string-l1-1-0.dll
0x0000022980250000 - 0x0000022980253000 	C:\Users\User\.openjfx\cache\21.0.6+3\amd64\api-ms-win-core-synch-l1-1-0.dll
0x0000022980260000 - 0x0000022980263000 	C:\Users\User\.openjfx\cache\21.0.6+3\amd64\api-ms-win-core-synch-l1-2-0.dll
0x0000022980270000 - 0x0000022980273000 	C:\Users\User\.openjfx\cache\21.0.6+3\amd64\api-ms-win-core-sysinfo-l1-1-0.dll
0x0000022980280000 - 0x0000022980283000 	C:\Users\User\.openjfx\cache\21.0.6+3\amd64\api-ms-win-core-timezone-l1-1-0.dll
0x0000022980290000 - 0x0000022980293000 	C:\Users\User\.openjfx\cache\21.0.6+3\amd64\api-ms-win-core-util-l1-1-0.dll
0x00000229802a0000 - 0x00000229802a3000 	C:\Users\User\.openjfx\cache\21.0.6+3\amd64\api-ms-win-crt-conio-l1-1-0.dll
0x00000229802b0000 - 0x00000229802b4000 	C:\Users\User\.openjfx\cache\21.0.6+3\amd64\api-ms-win-crt-convert-l1-1-0.dll
0x00000229802c0000 - 0x00000229802c3000 	C:\Users\User\.openjfx\cache\21.0.6+3\amd64\api-ms-win-crt-environment-l1-1-0.dll
0x00000229802d0000 - 0x00000229802d3000 	C:\Users\User\.openjfx\cache\21.0.6+3\amd64\api-ms-win-crt-filesystem-l1-1-0.dll
0x00000229802e0000 - 0x00000229802e3000 	C:\Users\User\.openjfx\cache\21.0.6+3\amd64\api-ms-win-crt-heap-l1-1-0.dll
0x00000229802f0000 - 0x00000229802f3000 	C:\Users\User\.openjfx\cache\21.0.6+3\amd64\api-ms-win-crt-locale-l1-1-0.dll
0x00000229800a0000 - 0x00000229800a5000 	C:\Users\User\.openjfx\cache\21.0.6+3\amd64\api-ms-win-crt-math-l1-1-0.dll
0x00000229800b0000 - 0x00000229800b5000 	C:\Users\User\.openjfx\cache\21.0.6+3\amd64\api-ms-win-crt-multibyte-l1-1-0.dll
0x00000229800c0000 - 0x00000229800d0000 	C:\Users\User\.openjfx\cache\21.0.6+3\amd64\api-ms-win-crt-private-l1-1-0.dll
0x00000229800d0000 - 0x00000229800d3000 	C:\Users\User\.openjfx\cache\21.0.6+3\amd64\api-ms-win-crt-process-l1-1-0.dll
0x00000229800e0000 - 0x00000229800e4000 	C:\Users\User\.openjfx\cache\21.0.6+3\amd64\api-ms-win-crt-runtime-l1-1-0.dll
0x00000229800f0000 - 0x00000229800f4000 	C:\Users\User\.openjfx\cache\21.0.6+3\amd64\api-ms-win-crt-stdio-l1-1-0.dll
0x0000022980100000 - 0x0000022980104000 	C:\Users\User\.openjfx\cache\21.0.6+3\amd64\api-ms-win-crt-string-l1-1-0.dll
0x0000022980110000 - 0x0000022980113000 	C:\Users\User\.openjfx\cache\21.0.6+3\amd64\api-ms-win-crt-time-l1-1-0.dll
0x0000022980120000 - 0x0000022980123000 	C:\Users\User\.openjfx\cache\21.0.6+3\amd64\api-ms-win-crt-utility-l1-1-0.dll
0x00007ffbdc5c0000 - 0x00007ffbdc6bc000 	C:\Users\User\.openjfx\cache\21.0.6+3\amd64\ucrtbase.dll
0x00007ffbdcf60000 - 0x00007ffbdcf7b000 	C:\Users\User\.openjfx\cache\21.0.6+3\amd64\vcruntime140.dll
0x00007ffbdee80000 - 0x00007ffbdee8c000 	C:\Users\User\.openjfx\cache\21.0.6+3\amd64\vcruntime140_1.dll
0x00007ffbdcc00000 - 0x00007ffbdcc8e000 	C:\Users\User\.openjfx\cache\21.0.6+3\amd64\msvcp140.dll
0x00007ffbdd840000 - 0x00007ffbdd849000 	C:\Users\User\.openjfx\cache\21.0.6+3\amd64\msvcp140_1.dll
0x00007ffbdc570000 - 0x00007ffbdc5b1000 	C:\Users\User\.openjfx\cache\21.0.6+3\amd64\msvcp140_2.dll
0x00007ffbdcbd0000 - 0x00007ffbdcc00000 	C:\Users\User\.openjfx\cache\21.0.6+3\amd64\prism_d3d.dll
0x00007ffb99170000 - 0x00007ffb99322000 	C:\WINDOWS\system32\d3d9.dll
0x00007ffbf7e40000 - 0x00007ffbf7e6f000 	C:\WINDOWS\SYSTEM32\dwmapi.dll
0x00007ffbf7c80000 - 0x00007ffbf7cc3000 	C:\WINDOWS\SYSTEM32\dxcore.dll
0x00007ffbf7b80000 - 0x00007ffbf7c29000 	C:\WINDOWS\system32\uxtheme.dll
0x00007ffb98a70000 - 0x00007ffb98b34000 	C:\WINDOWS\System32\DriverStore\FileRepository\nv_dispi.inf_amd64_12ab2876952d3f1f\nvldumdx.dll
0x00007ffbf97d0000 - 0x00007ffbf97e3000 	C:\WINDOWS\SYSTEM32\msasn1.dll
0x00007ffbf2d00000 - 0x00007ffbf2d3b000 	C:\WINDOWS\SYSTEM32\cryptnet.dll
0x00007ffbfa200000 - 0x00007ffbfa377000 	C:\WINDOWS\System32\CRYPT32.dll
0x00007ffbf95d0000 - 0x00007ffbf95dc000 	C:\WINDOWS\SYSTEM32\cryptbase.dll
0x00007ffbf9670000 - 0x00007ffbf96d8000 	C:\WINDOWS\SYSTEM32\wldp.dll
0x00007ffbf2950000 - 0x00007ffbf2ac8000 	C:\WINDOWS\SYSTEM32\drvstore.dll
0x00007ffbf9c80000 - 0x00007ffbf9cad000 	C:\WINDOWS\SYSTEM32\devobj.dll
0x00007ffbf9cd0000 - 0x00007ffbf9d21000 	C:\WINDOWS\SYSTEM32\cfgmgr32.dll
0x00007ffbfa5d0000 - 0x00007ffbfa652000 	C:\WINDOWS\System32\wintrust.dll
0x00007ffbfb750000 - 0x00007ffbfb770000 	C:\WINDOWS\System32\imagehlp.dll
0x00007ffbf9770000 - 0x00007ffbf978b000 	C:\WINDOWS\SYSTEM32\CRYPTSP.dll
0x00007ffbf8d80000 - 0x00007ffbf8db9000 	C:\WINDOWS\system32\rsaenh.dll
0x00007ffbf9fc0000 - 0x00007ffbf9fea000 	C:\WINDOWS\SYSTEM32\bcrypt.dll
0x00007ffb3efd0000 - 0x00007ffb43f27000 	C:\WINDOWS\System32\DriverStore\FileRepository\nv_dispi.inf_amd64_12ab2876952d3f1f\nvgpucomp64.dll
0x00007ffb68670000 - 0x00007ffb687ab000 	C:\WINDOWS\System32\DriverStore\FileRepository\nv_dispi.inf_amd64_12ab2876952d3f1f\NvMemMapStoragex.dll
0x00007ffb492b0000 - 0x00007ffb4b9e6000 	C:\WINDOWS\System32\DriverStore\FileRepository\nv_dispi.inf_amd64_12ab2876952d3f1f\nvd3dumx.dll
0x00007ffbf3fc0000 - 0x00007ffbf4021000 	C:\WINDOWS\SYSTEM32\directxdatabasehelper.dll
0x00007ffbdc320000 - 0x00007ffbdc362000 	C:\Users\User\.openjfx\cache\21.0.6+3\amd64\glass.dll
0x00007ffbfb850000 - 0x00007ffbfb93f000 	C:\WINDOWS\System32\COMDLG32.dll
0x0000000180000000 - 0x00000001834b4000 	C:\Program Files (x86)\RivaTuner Statistics Server\RTSSHooks64.dll
0x00007ffbfcd30000 - 0x00007ffbfd1b7000 	C:\WINDOWS\System32\SETUPAPI.dll
0x00007ffbfd1c0000 - 0x00007ffbfd31c000 	C:\WINDOWS\System32\MSCTF.dll
0x00007ffbd55f0000 - 0x00007ffbd5737000 	C:\WINDOWS\system32\nvspcap64.dll
0x00007ffbf8f40000 - 0x00007ffbf8f76000 	C:\WINDOWS\SYSTEM32\ntmarta.dll
0x00007ffbf93e0000 - 0x00007ffbf9410000 	C:\WINDOWS\SYSTEM32\gpapi.dll
0x00007ffb53100000 - 0x00007ffb53825000 	C:\WINDOWS\System32\DriverStore\FileRepository\nv_dispi.inf_amd64_12ab2876952d3f1f\nvppex.dll
0x00007ffbdc2d0000 - 0x00007ffbdc2e5000 	C:\Users\User\.openjfx\cache\21.0.6+3\amd64\javafx_font.dll
0x00007ffbf6110000 - 0x00007ffbf6377000 	C:\WINDOWS\SYSTEM32\dwrite.dll
0x00007ffbf8840000 - 0x00007ffbf8972000 	C:\WINDOWS\SYSTEM32\DNSAPI.dll

JVMTI agents:
C:\Program Files\JetBrains\IntelliJ IDEA 2025.3.2\lib\idea_rt.jar path:C:\Program Files\Java\jdk-25\bin\instrument.dll, loaded, initialized, instrumentlib options:55078

dbghelp: loaded successfully - version: 4.0.5 - missing functions: none
symbol engine: initialized successfully - sym options: 0x614 - pdb path: .;C:\Program Files\Java\jdk-25\bin;C:\WINDOWS\SYSTEM32;C:\WINDOWS\WinSxS\amd64_microsoft.windows.common-controls_6595b64144ccf1df_6.0.26100.8115_none_3e075c82e3354f9c;C:\Program Files\Java\jdk-25\bin\server;C:\Users\User\.openjfx\cache\21.0.6+3\amd64;C:\WINDOWS\System32\DriverStore\FileRepository\nv_dispi.inf_amd64_12ab2876952d3f1f;C:\Program Files (x86)\RivaTuner Statistics Server;C:\Program Files\Common Files\Microsoft Shared\Ink

VM Arguments:
jvm_args: -javaagent:C:\Program Files\JetBrains\IntelliJ IDEA 2025.3.2\lib\idea_rt.jar=55078 -Dfile.encoding=UTF-8 -Dsun.stdout.encoding=UTF-8 -Dsun.stderr.encoding=UTF-8 --module-path=C:\Users\User\.m2\repository\org\openjfx\javafx-fxml\21.0.6\javafx-fxml-21.0.6-win.jar;C:\Users\User\.m2\repository\org\openjfx\javafx-base\21.0.6\javafx-base-21.0.6-win.jar;C:\Users\User\.m2\repository\org\openjfx\javafx-graphics\21.0.6\javafx-graphics-21.0.6-win.jar;C:\Users\User\.m2\repository\org\openjfx\javafx-controls\21.0.6\javafx-controls-21.0.6-win.jar;C:\Users\User\.m2\repository\com\sun\activation\jakarta.activation\2.0.1\jakarta.activation-2.0.1.jar;C:\Users\User\IdeaProjects\2version\target\classes;C:\Users\User\.m2\repository\com\sun\mail\jakarta.mail\2.0.1\jakarta.mail-2.0.1.jar -Djdk.module.main=org.example._version 
java_command: org.example._version/org.example._version.MovieBookingApp
java_class_path (initial): C:\Users\User\.m2\repository\org\openjfx\javafx-controls\21.0.6\javafx-controls-21.0.6.jar;C:\Users\User\.m2\repository\org\openjfx\javafx-graphics\21.0.6\javafx-graphics-21.0.6.jar;C:\Users\User\.m2\repository\org\openjfx\javafx-base\21.0.6\javafx-base-21.0.6.jar;C:\Users\User\.m2\repository\com\mysql\mysql-connector-j\9.0.0\mysql-connector-j-9.0.0.jar;C:\Users\User\.m2\repository\com\google\protobuf\protobuf-java\4.26.1\protobuf-java-4.26.1.jar;C:\Users\User\.m2\repository\org\openjfx\javafx-fxml\21.0.6\javafx-fxml-21.0.6.jar
Launcher Type: SUN_STANDARD

[Global flags]
     intx CICompilerCount                          = 4                                         {product} {ergonomic}
     uint ConcGCThreads                            = 3                                         {product} {ergonomic}
     uint G1ConcRefinementThreads                  = 10                                        {product} {ergonomic}
   size_t G1HeapRegionSize                         = 4194304                                   {product} {ergonomic}
   size_t InitialHeapSize                          = 532676608                                 {product} {ergonomic}
   size_t MarkStackSize                            = 4194304                                   {product} {ergonomic}
   size_t MarkStackSizeMax                         = 536870912                                 {product} {ergonomic}
   size_t MaxHeapSize                              = 8489271296                                {product} {ergonomic}
   size_t MaxNewSize                               = 5091885056                                {product} {ergonomic}
   size_t MinHeapDeltaBytes                        = 4194304                                   {product} {ergonomic}
   size_t MinHeapSize                              = 8388608                                   {product} {ergonomic}
    uintx NonNMethodCodeHeapSize                   = 5832704                                {pd product} {ergonomic}
    uintx NonProfiledCodeHeapSize                  = 122945536                              {pd product} {ergonomic}
    uintx ProfiledCodeHeapSize                     = 122880000                              {pd product} {ergonomic}
    uintx ReservedCodeCacheSize                    = 251658240                              {pd product} {ergonomic}
     bool SegmentedCodeCache                       = true                                      {product} {ergonomic}
   size_t SoftMaxHeapSize                          = 8489271296                             {manageable} {ergonomic}
     bool UseCompressedOops                        = true                           {product lp64_product} {ergonomic}
     bool UseG1GC                                  = true                                      {product} {ergonomic}
     bool UseLargePagesIndividualAllocation        = false                                  {pd product} {ergonomic}

Logging:
Log output configuration:
 #0: stdout all=off uptime,level,tags foldmultilines=false
 #1: stderr all=off uptime,level,tags foldmultilines=false

Release file:
IMPLEMENTOR="Oracle Corporation" 
JAVA_RUNTIME_VERSION="25.0.1+8-LTS-27" 
JAVA_VERSION="25.0.1" 
JAVA_VERSION_DATE="2025-10-21" 
LIBC="default" 
MODULES="java.base java.compiler java.datatransfer java.xml java.prefs java.desktop java.instrument java.logging java.management java.security.sasl java.naming java.rmi java.management.rmi java.net.http java.scripting java.security.jgss java.transaction.xa java.sql java.sql.rowset java.xml.crypto java.se java.smartcardio jdk.accessibility jdk.internal.jvmstat jdk.attach jdk.charsets jdk.internal.opt jdk.zipfs jdk.compiler jdk.crypto.cryptoki jdk.crypto.ec jdk.crypto.mscapi jdk.dynalink jdk.internal.ed jdk.editpad jdk.internal.vm.ci jdk.graal.compiler jdk.graal.compiler.management jdk.hotspot.agent jdk.httpserver jdk.incubator.vector jdk.internal.le jdk.internal.md jdk.jartool jdk.javadoc jdk.jcmd jdk.management jdk.management.agent jdk.jconsole jdk.jdeps jdk.jdwp.agent jdk.jdi jdk.jfr jdk.jlink jdk.jpackage jdk.jshell jdk.jsobject jdk.jstatd jdk.localedata jdk.management.jfr jdk.naming.dns jdk.naming.rmi jdk.net jdk.nio.mapmode jdk.sctp jdk.security.auth jdk.security.jgss jdk.unsupported jdk.unsupported.desktop jdk.xml.dom" 
OS_ARCH="x86_64" 
OS_NAME="Windows" 
SOURCE=".:git:862c85bc42b7 open:git:78770bfaefd2" 

Environment Variables:
PATH=C:\Program Files\Common Files\Oracle\Java\javapath;C:\WINDOWS\system32;C:\WINDOWS;C:\WINDOWS\System32\Wbem;C:\WINDOWS\System32\WindowsPowerShell\v1.0\;C:\WINDOWS\System32\OpenSSH\;C:\Program Files\NVIDIA Corporation\NVIDIA App\NvDLISR;C:\Program Files (x86)\NVIDIA Corporation\PhysX\Common;C:\SS\Sunshine;C:\SS\Sunshine\tools;C:\Program Files\Git\cmd;C:\Users\User\AppData\Local\Microsoft\WindowsApps;C:\Users\User\AppData\Local\Programs\Microsoft VS Code\bin;D:\Saidazim igroman\cursor\resources\app\bin
USERNAME=User
OS=Windows_NT
PROCESSOR_IDENTIFIER=AMD64 Family 25 Model 97 Stepping 2, AuthenticAMD
TMP=C:\Users\User\AppData\Local\Temp
TEMP=C:\Users\User\AppData\Local\Temp




Compilation memory statistics disabled.

Periodic native trim disabled

---------------  S Y S T E M  ---------------

OS:
 Windows 11 , 64 bit Build 26100 (10.0.26100.8246)
OS uptime: 0 days 11:55 hours
Hyper-V role detected

CPU: total 12 (initial active 12) (12 cores per cpu, 2 threads per core) family 25 model 97 stepping 2 microcode 0xa60120c, cx8, cmov, fxsr, ht, mmx, 3dnowpref, sse, sse2, sse3, ssse3, sse4a, sse4.1, sse4.2, popcnt, lzcnt, tsc, tscinvbit, avx, avx2, aes, erms, clmul, bmi1, bmi2, adx, avx512f, avx512dq, avx512cd, avx512bw, avx512vl, sha, fma, vzeroupper, avx512_vpopcntdq, avx512_vpclmulqdq, avx512_vaes, avx512_vnni, clflush, clflushopt, clwb, avx512_vbmi2, avx512_vbmi, hv, rdtscp, rdpid, fsrm, gfni, avx512_bitalg, f16c, cet_ss, avx512_ifma
Processor Information for the first 12 processors :
  Max Mhz: 3701, Current Mhz: 3701, Mhz Limit: 3701

Memory: 4k page, system-wide physical 32373M (20709M free)
TotalPageFile size 34421M (AvailPageFile size 18066M)
current process WorkingSet (physical memory assigned to process): 214M, peak: 236M
current process commit charge ("private bytes"): 358M, peak: 799M

vm_info: Java HotSpot(TM) 64-Bit Server VM (25.0.1+8-LTS-27) for windows-amd64 JRE (25.0.1+8-LTS-27), built on 2025-09-25T16:41:16Z with unknown MS VC++:1943

END.
